#
# A fatal error has been detected by the Java Runtime Environment:
#
#  EXCEPTION_ACCESS_VIOLATION (0xc0000005) at pc=0x00007ff98d656df1, pid=3720, tid=12540
#
# JRE version: OpenJDK Runtime Environment JBR-17.0.14+1-1367.22-nomod (17.0.14+1) (build 17.0.14+1-b1367.22)
# Java VM: OpenJDK 64-Bit Server VM JBR-17.0.14+1-1367.22-nomod (17.0.14+1-b1367.22, mixed mode, sharing, tiered, compressed oops, compressed class ptrs, g1 gc, windows-amd64)
# Problematic frame:
# V  [jvm.dll+0x6d6df1]  PhaseChaitin::Split+0xa61
#
# No core dump will be written. Minidumps are not enabled by default on client versions of Windows
#
# If you would like to submit a bug report, please visit:
#   https://youtrack.jetbrains.com/issues/JBR
#

---------------  S U M M A R Y ------------

Command Line: --add-opens=java.base/java.util=ALL-UNNAMED --add-opens=java.base/java.lang=ALL-UNNAMED --add-opens=java.base/java.lang.invoke=ALL-UNNAMED --add-opens=java.prefs/java.util.prefs=ALL-UNNAMED --add-opens=java.base/java.nio.charset=ALL-UNNAMED --add-opens=java.base/java.net=ALL-UNNAMED --add-opens=java.base/java.util.concurrent.atomic=ALL-UNNAMED -XX:MaxMetaspaceSize=384m -XX:+HeapDumpOnOutOfMemoryError -Xms256m -Xmx512m -Dfile.encoding=UTF-8 -Duser.country=AR -Duser.language=es -Duser.variant -javaagent:C:\Users\Juan Guerrero\.gradle\wrapper\dists\gradle-8.4-bin\1w5dpkrfk8irigvoxmyhowfim\gradle-8.4\lib\agents\gradle-instrumentation-agent-8.4.jar org.gradle.launcher.daemon.bootstrap.GradleDaemon 8.4

Host: Intel(R) Core(TM) i5-7200U CPU @ 2.50GHz, 4 cores, 15G,  Windows 10 , 64 bit Build 19041 (10.0.19041.5678)
Time: Fri Apr  4 18:22:52 2025 Hora estándar de Argentina elapsed time: 20.665921 seconds (0d 0h 0m 20s)

---------------  T H R E A D  ---------------

Current thread (0x000002ad1cfb6840):  JavaThread "C2 CompilerThread1" daemon [_thread_in_native, id=12540, stack(0x000000e246800000,0x000000e246900000)]


Current CompileTask:
C2:  20666 6970       4       jdk.internal.loader.URLClassPath::getResource (74 bytes)

Stack: [0x000000e246800000,0x000000e246900000],  sp=0x000000e2468fb7d0,  free space=1005k
Native frames: (J=compiled Java code, j=interpreted, Vv=VM code, C=native code)
V  [jvm.dll+0x6d6df1]  PhaseChaitin::Split+0xa61  (reg_split.cpp:691)
V  [jvm.dll+0x1be2ef]  PhaseChaitin::Register_Allocate+0x3cf  (chaitin.cpp:465)
V  [jvm.dll+0x21c389]  Compile::Code_Gen+0x3b9  (compile.cpp:2757)
V  [jvm.dll+0x21b671]  Compile::Compile+0xe61  (compile.cpp:836)
V  [jvm.dll+0x1a6acd]  C2Compiler::compile_method+0xad  (c2compiler.cpp:112)
V  [jvm.dll+0x22b58e]  CompileBroker::invoke_compiler_on_method+0x82e  (compileBroker.cpp:2366)
V  [jvm.dll+0x2296d5]  CompileBroker::compiler_thread_loop+0x405  (compileBroker.cpp:2027)
V  [jvm.dll+0x7f9637]  JavaThread::run+0x147  (thread.cpp:1299)
V  [jvm.dll+0x7f3a1c]  Thread::call_run+0x8c  (thread.cpp:405)
V  [jvm.dll+0x68a7c7]  thread_native_entry+0x77  (os_windows.cpp:551)
C  [ucrtbase.dll+0x21bb2]
C  [KERNEL32.DLL+0x17374]
C  [ntdll.dll+0x4cc91]


siginfo: EXCEPTION_ACCESS_VIOLATION (0xc0000005), reading address 0x0000002000000000


Registers:
RAX=0x000002ad1e2177c8, RBX=0x000000e2468fec00, RCX=0x000002ad1cfb6840, RDX=0x0000000000001c12
RSP=0x000000e2468fb7d0, RBP=0x000000e2468fb8d0, RSI=0x000002ad1ed6d0c0, RDI=0x000002ad1e217770
R8 =0x000002ad1c794020, R9 =0x0000000000000000, R10=0x0000000000000008, R11=0x0000000000000096
R12=0x0000000000000050, R13=0x0000002000000000, R14=0x0000000000000006, R15=0x000002ad195892c0
RIP=0x00007ff98d656df1, EFLAGS=0x0000000000010202


Register to memory mapping:

RIP=0x00007ff98d656df1 jvm.dll::PhaseChaitin::Split + 0xa61
RAX=0x000002ad1e2177c8 points into unknown readable memory: 0x00007ff98db1e308 | 08 e3 b1 8d f9 7f 00 00
RBX=0x000000e2468fec00 is pointing into the stack for thread: 0x000002ad1cfb6840
RCX=0x000002ad1cfb6840 is a thread
RDX=0x0000000000001c12 is an unknown value
RSP=0x000000e2468fb7d0 is pointing into the stack for thread: 0x000002ad1cfb6840
RBP=0x000000e2468fb8d0 is pointing into the stack for thread: 0x000002ad1cfb6840
RSI=0x000002ad1ed6d0c0 points into unknown readable memory: 0x00007ff98d8ae8f0 | f0 e8 8a 8d f9 7f 00 00
RDI=0x000002ad1e217770 points into unknown readable memory: 0x00007ff98db1e308 | 08 e3 b1 8d f9 7f 00 00
R8 =0x000002ad1c794020 points into unknown readable memory: 0x0000000300000001 | 01 00 00 00 03 00 00 00
R9 =0x0 is NULL
R10=0x0000000000000008 is an unknown value
R11=0x0000000000000096 is an unknown value
R12=0x0000000000000050 is an unknown value
R13=0x0000002000000000 is an unknown value
R14=0x0000000000000006 is an unknown value
R15=0x000002ad195892c0 points into unknown readable memory: 0x0000000000000000 | 00 00 00 00 00 00 00 00


Top of Stack: (sp=0x000000e2468fb7d0)
0x000000e2468fb7d0:   000000e2468fc040 000002ad0000000b
0x000000e2468fb7e0:   000002ad1b5b6aa0 000000e2468fb8d0
0x000000e2468fb7f0:   000002ad1b5b6aa0 000000e20000000d
0x000000e2468fb800:   000002ad0000200a 000002ad1bbce200
0x000000e2468fb810:   000002ad1e728f00 000000e2468fb9f0
0x000000e2468fb820:   000002ad0000007f 0000000000000032
0x000000e2468fb830:   000002ad1ed6d0c0 000000ed00000001
0x000000e2468fb840:   000000e200000001 0000000000000096
0x000000e2468fb850:   0000000000000000 0000007f00000909
0x000000e2468fb860:   000000e200000096 000002ad1afce800
0x000000e2468fb870:   00007ff9000003c3 0000000000063630
0x000000e2468fb880:   0000000000000000 000002ad1afcef70
0x000000e2468fb890:   000002ad1f1430c0 0000000000000000
0x000000e2468fb8a0:   000002ad19beb050 000002ad19beeeb0
0x000000e2468fb8b0:   000002ad1c794020 000002ad1bbce2e0
0x000000e2468fb8c0:   000002ad00000000 000002ad1f143830
0x000000e2468fb8d0:   000002ad1dbf33b0 000002ad1dbf3370
0x000000e2468fb8e0:   00000000000000ed 000000000000007f
0x000000e2468fb8f0:   000002ad1d260050 0000000000000003
0x000000e2468fb900:   0000000000000000 0000000000000000
0x000000e2468fb910:   0000175200000000 000002ad1f0eb170
0x000000e2468fb920:   000000e2468fbd90 00007ff98d2effb8
0x000000e2468fb930:   000002ad1f0eb170 000000e2468fbcb0
0x000000e2468fb940:   00007ff98db1e308 ffffffffffffffff
0x000000e2468fb950:   000002ad1d260940 00007ff98d2eb170
0x000000e2468fb960:   0000175200000000 000002ad1f0eb170
0x000000e2468fb970:   000000e2468fbd90 ffffffffffffffff
0x000000e2468fb980:   000000e2468fbd90 000002ad1b6ba0f0
0x000000e2468fb990:   000002ad1b6ba100 000002ad1b6ba4d8
0x000000e2468fb9a0:   00000000000003d8 000000e2468fbaa0
0x000000e2468fb9b0:   0000175200000000 000002ad1f0eb170
0x000000e2468fb9c0:   000000e2468fbd90 00007ff98d2ea4f1 

Instructions: (pc=0x00007ff98d656df1)
0x00007ff98d656cf1:   4c 8b bd 20 03 00 00 48 8b 5d 98 8b 50 28 48 8b
0x00007ff98d656d01:   7d b8 49 8b 47 48 48 8b 48 78 48 8b 04 d1 48 8b
0x00007ff98d656d11:   4d d8 8b 40 4c 48 8b 14 c1 48 8b 4d d0 48 8b 04
0x00007ff98d656d21:   c1 4a 8b 0c f0 4a 89 0c f3 42 0f b6 04 32 41 88
0x00007ff98d656d31:   04 3e e9 7a 03 00 00 4d 85 ed 75 24 4c 8d 0d bc
0x00007ff98d656d41:   f9 2e 00 ba b2 02 00 00 4c 8d 05 d8 f9 2e 00 48
0x00007ff98d656d51:   8d 0d e9 f9 2e 00 e8 84 39 b7 ff e8 0f 47 fb ff
0x00007ff98d656d61:   48 8b 45 28 65 48 8b 0c 25 58 00 00 00 4c 8b 3c
0x00007ff98d656d71:   c1 b8 50 00 00 00 44 8b e0 42 80 3c 38 00 75 05
0x00007ff98d656d81:   e8 c2 ac 1c 00 b8 20 00 00 00 4a 8b 0c 38 48 8b
0x00007ff98d656d91:   81 e0 04 00 00 48 8b 98 80 00 00 00 48 81 c3 70
0x00007ff98d656da1:   02 00 00 48 8b 7b 18 48 83 ff a7 76 18 4c 8d 05
0x00007ff98d656db1:   03 c3 1d 00 ba 58 00 00 00 48 8b cb e8 fe 64 9d
0x00007ff98d656dc1:   ff 48 8b 7b 18 48 8d 47 58 48 3b 43 20 76 14 45
0x00007ff98d656dd1:   33 c0 48 8b cb 41 8d 50 58 e8 31 62 9d ff 48 8b
0x00007ff98d656de1:   f8 eb 04 48 89 43 18 48 85 ff 0f 84 98 00 00 00
0x00007ff98d656df1:   49 8b 45 00 49 8b cd ff 50 28 48 8b ce 48 8b d8
0x00007ff98d656e01:   e8 ea bf a4 ff 48 8b cf 48 8b f0 8b 50 18 e8 bc
0x00007ff98d656e11:   01 f9 ff 48 8d 05 cd 2e 25 00 48 89 5f 38 48 89
0x00007ff98d656e21:   07 b8 01 00 00 00 89 47 50 48 8b 47 08 48 c7 47
0x00007ff98d656e31:   40 00 00 00 00 48 c7 47 48 ff ff ff ff c7 47 54
0x00007ff98d656e41:   00 6c ca 88 c7 47 2c 0c 00 00 00 48 89 30 48 8b
0x00007ff98d656e51:   4e 10 48 85 c9 74 20 8b 46 20 3b 46 24 75 11 8b
0x00007ff98d656e61:   d0 48 8b ce e8 66 2f f9 ff 8b 46 20 48 8b 4e 10
0x00007ff98d656e71:   48 89 3c c1 ff 46 20 43 80 3c 3c 00 75 05 e8 c4
0x00007ff98d656e81:   ab 1c 00 48 8b 74 24 60 48 8b 44 24 78 4c 8b cf
0x00007ff98d656e91:   48 8b 4d 98 45 8b c6 4c 8b ad 20 03 00 00 48 8b
0x00007ff98d656ea1:   d6 48 89 3c c1 8b 8d 28 03 00 00 89 4c 24 20 8d
0x00007ff98d656eb1:   41 01 49 8b cd 89 85 28 03 00 00 e8 8f 23 00 00
0x00007ff98d656ec1:   48 63 4f 28 49 8b 85 08 01 00 00 44 8b 7d 88 4c
0x00007ff98d656ed1:   8b 65 a8 4c 8b 74 24 78 44 89 3c 88 48 8b 4d 00
0x00007ff98d656ee1:   8b 59 18 8d 43 01 89 41 18 3b 59 08 72 07 8b d3 


Stack slot to memory mapping:
stack at sp + 0 slots: 0x000000e2468fc040 is pointing into the stack for thread: 0x000002ad1cfb6840
stack at sp + 1 slots: 0x000002ad0000000b is pointing into metadata
stack at sp + 2 slots: 0x000002ad1b5b6aa0 points into unknown readable memory: 0x00007ff98d877e38 | 38 7e 87 8d f9 7f 00 00
stack at sp + 3 slots: 0x000000e2468fb8d0 is pointing into the stack for thread: 0x000002ad1cfb6840
stack at sp + 4 slots: 0x000002ad1b5b6aa0 points into unknown readable memory: 0x00007ff98d877e38 | 38 7e 87 8d f9 7f 00 00
stack at sp + 5 slots: 0x000000e20000000d is an unknown value
stack at sp + 6 slots: 0x000002ad0000200a is pointing into metadata
stack at sp + 7 slots: 0x000002ad1bbce200 points into unknown readable memory: 0x0000000000000000 | 00 00 00 00 00 00 00 00


---------------  P R O C E S S  ---------------

Threads class SMR info:
_java_thread_list=0x000002ad1fcfaed0, length=45, elements={
0x000002ad655ed510, 0x000002ad7b5a0ce0, 0x000002ad7b5a1a70, 0x000002ad7b5b5200,
0x000002ad7b5b7be0, 0x000002ad7b5b84b0, 0x000002ad7b5b8d80, 0x000002ad7b5b9a30,
0x000002ad7b5ba3f0, 0x000002ad7b61e8f0, 0x000002ad7b589c90, 0x000002ad19290c80,
0x000002ad1b78eb40, 0x000002ad19e1e790, 0x000002ad1b564a30, 0x000002ad1a58fac0,
0x000002ad1a6f26c0, 0x000002ad1b0f42d0, 0x000002ad1b0f1540, 0x000002ad1b0f1f60,
0x000002ad1b0f2470, 0x000002ad1b0f47e0, 0x000002ad1b0f1a50, 0x000002ad1b0f2e90,
0x000002ad1b0f33a0, 0x000002ad1b0f1030, 0x000002ad1b0f38b0, 0x000002ad1b0f3dc0,
0x000002ad1bc57940, 0x000002ad1bc58d80, 0x000002ad1bc5a6d0, 0x000002ad1bc56a10,
0x000002ad1bc56500, 0x000002ad1bc55ff0, 0x000002ad1bc53260, 0x000002ad1bc59cb0,
0x000002ad1bc58870, 0x000002ad1bc57e50, 0x000002ad1bc59290, 0x000002ad1bc57430,
0x000002ad1bc53770, 0x000002ad1bc58360, 0x000002ad1cfb6840, 0x000002ad1bc555d0,
0x000002ad1bc546a0
}

Java Threads: ( => current thread )
  0x000002ad655ed510 JavaThread "main" [_thread_blocked, id=9084, stack(0x000000e243100000,0x000000e243200000)]
  0x000002ad7b5a0ce0 JavaThread "Reference Handler" daemon [_thread_blocked, id=7064, stack(0x000000e243900000,0x000000e243a00000)]
  0x000002ad7b5a1a70 JavaThread "Finalizer" daemon [_thread_blocked, id=13152, stack(0x000000e243a00000,0x000000e243b00000)]
  0x000002ad7b5b5200 JavaThread "Signal Dispatcher" daemon [_thread_blocked, id=2244, stack(0x000000e243b00000,0x000000e243c00000)]
  0x000002ad7b5b7be0 JavaThread "Attach Listener" daemon [_thread_blocked, id=10320, stack(0x000000e243c00000,0x000000e243d00000)]
  0x000002ad7b5b84b0 JavaThread "Service Thread" daemon [_thread_blocked, id=13880, stack(0x000000e243d00000,0x000000e243e00000)]
  0x000002ad7b5b8d80 JavaThread "Monitor Deflation Thread" daemon [_thread_blocked, id=11584, stack(0x000000e243e00000,0x000000e243f00000)]
  0x000002ad7b5b9a30 JavaThread "C2 CompilerThread0" daemon [_thread_in_native, id=4076, stack(0x000000e243f00000,0x000000e244000000)]
  0x000002ad7b5ba3f0 JavaThread "C1 CompilerThread0" daemon [_thread_blocked, id=2072, stack(0x000000e244000000,0x000000e244100000)]
  0x000002ad7b61e8f0 JavaThread "Sweeper thread" daemon [_thread_blocked, id=3532, stack(0x000000e244100000,0x000000e244200000)]
  0x000002ad7b589c90 JavaThread "Common-Cleaner" daemon [_thread_blocked, id=11376, stack(0x000000e244200000,0x000000e244300000)]
  0x000002ad19290c80 JavaThread "Notification Thread" daemon [_thread_blocked, id=9764, stack(0x000000e244300000,0x000000e244400000)]
  0x000002ad1b78eb40 JavaThread "Daemon health stats" [_thread_blocked, id=7192, stack(0x000000e244900000,0x000000e244a00000)]
  0x000002ad19e1e790 JavaThread "Incoming local TCP Connector on port 62426" [_thread_in_native, id=11744, stack(0x000000e244800000,0x000000e244900000)]
  0x000002ad1b564a30 JavaThread "Daemon periodic checks" [_thread_blocked, id=11432, stack(0x000000e244a00000,0x000000e244b00000)]
  0x000002ad1a58fac0 JavaThread "Daemon" [_thread_blocked, id=12724, stack(0x000000e244c00000,0x000000e244d00000)]
  0x000002ad1a6f26c0 JavaThread "Handler for socket connection from /127.0.0.1:62426 to /127.0.0.1:62428" [_thread_in_native, id=1848, stack(0x000000e244d00000,0x000000e244e00000)]
  0x000002ad1b0f42d0 JavaThread "Cancel handler" [_thread_blocked, id=11672, stack(0x000000e244e00000,0x000000e244f00000)]
  0x000002ad1b0f1540 JavaThread "Daemon worker" [_thread_in_native, id=12308, stack(0x000000e244b00000,0x000000e244c00000)]
  0x000002ad1b0f1f60 JavaThread "Asynchronous log dispatcher for DefaultDaemonConnection: socket connection from /127.0.0.1:62426 to /127.0.0.1:62428" [_thread_blocked, id=3484, stack(0x000000e244f00000,0x000000e245000000)]
  0x000002ad1b0f2470 JavaThread "Stdin handler" [_thread_blocked, id=11556, stack(0x000000e245000000,0x000000e245100000)]
  0x000002ad1b0f47e0 JavaThread "Daemon client event forwarder" [_thread_blocked, id=14204, stack(0x000000e245100000,0x000000e245200000)]
  0x000002ad1b0f1a50 JavaThread "Cache worker for journal cache (C:\Users\Juan Guerrero\.gradle\caches\journal-1)" [_thread_blocked, id=9332, stack(0x000000e245200000,0x000000e245300000)]
  0x000002ad1b0f2e90 JavaThread "File lock request listener" [_thread_in_native, id=2896, stack(0x000000e245300000,0x000000e245400000)]
  0x000002ad1b0f33a0 JavaThread "Cache worker for file hash cache (C:\Users\Juan Guerrero\.gradle\caches\8.4\fileHashes)" [_thread_blocked, id=13508, stack(0x000000e245400000,0x000000e245500000)]
  0x000002ad1b0f1030 JavaThread "File lock release action executor" [_thread_blocked, id=10480, stack(0x000000e245600000,0x000000e245700000)]
  0x000002ad1b0f38b0 JavaThread "File watcher server" daemon [_thread_in_native, id=5928, stack(0x000000e245700000,0x000000e245800000)]
  0x000002ad1b0f3dc0 JavaThread "File watcher consumer" daemon [_thread_blocked, id=6992, stack(0x000000e245800000,0x000000e245900000)]
  0x000002ad1bc57940 JavaThread "Cache worker for checksums cache (C:\Users\Juan Guerrero\IdeaProjects\ChatApp_Backend_Kotlin\.gradle\8.4\checksums)" [_thread_blocked, id=14168, stack(0x000000e245900000,0x000000e245a00000)]
  0x000002ad1bc58d80 JavaThread "Cache worker for file hash cache (C:\Users\Juan Guerrero\IdeaProjects\ChatApp_Backend_Kotlin\.gradle\8.4\fileHashes)" [_thread_blocked, id=12852, stack(0x000000e245a00000,0x000000e245b00000)]
  0x000002ad1bc5a6d0 JavaThread "Cache worker for cache directory md-supplier (C:\Users\Juan Guerrero\.gradle\caches\8.4\md-supplier)" [_thread_blocked, id=7872, stack(0x000000e245b00000,0x000000e245c00000)]
  0x000002ad1bc56a10 JavaThread "Cache worker for file content cache (C:\Users\Juan Guerrero\.gradle\caches\8.4\fileContent)" [_thread_blocked, id=3000, stack(0x000000e245c00000,0x000000e245d00000)]
  0x000002ad1bc56500 JavaThread "Cache worker for cache directory md-rule (C:\Users\Juan Guerrero\.gradle\caches\8.4\md-rule)" [_thread_blocked, id=11832, stack(0x000000e245500000,0x000000e245600000)]
  0x000002ad1bc55ff0 JavaThread "Cache worker for execution history cache (C:\Users\Juan Guerrero\.gradle\caches\8.4\executionHistory)" [_thread_blocked, id=11656, stack(0x000000e245d00000,0x000000e245e00000)]
  0x000002ad1bc53260 JavaThread "jar transforms" [_thread_blocked, id=12880, stack(0x000000e245f00000,0x000000e246000000)]
  0x000002ad1bc59cb0 JavaThread "jar transforms Thread 2" [_thread_blocked, id=7172, stack(0x000000e245e00000,0x000000e245f00000)]
  0x000002ad1bc58870 JavaThread "jar transforms Thread 3" [_thread_blocked, id=13548, stack(0x000000e246100000,0x000000e246200000)]
  0x000002ad1bc57e50 JavaThread "jar transforms Thread 4" [_thread_blocked, id=12304, stack(0x000000e246000000,0x000000e246100000)]
  0x000002ad1bc59290 JavaThread "Cache worker for kotlin-dsl (C:\Users\Juan Guerrero\.gradle\caches\8.4\kotlin-dsl)" [_thread_blocked, id=2236, stack(0x000000e246400000,0x000000e246500000)]
  0x000002ad1bc57430 JavaThread "Unconstrained build operations" [_thread_blocked, id=10836, stack(0x000000e246600000,0x000000e246700000)]
  0x000002ad1bc53770 JavaThread "Unconstrained build operations Thread 2" [_thread_blocked, id=12780, stack(0x000000e246700000,0x000000e246800000)]
  0x000002ad1bc58360 JavaThread "Cache worker for dependencies-accessors (C:\Users\Juan Guerrero\IdeaProjects\ChatApp_Backend_Kotlin\.gradle\8.4\dependencies-accessors)" [_thread_blocked, id=10612, stack(0x000000e246900000,0x000000e246a00000)]
=>0x000002ad1cfb6840 JavaThread "C2 CompilerThread1" daemon [_thread_in_native, id=12540, stack(0x000000e246800000,0x000000e246900000)]
  0x000002ad1bc555d0 JavaThread "Cache worker for Build Output Cleanup Cache (C:\Users\Juan Guerrero\IdeaProjects\ChatApp_Backend_Kotlin\.gradle\buildOutputCleanup)" [_thread_blocked, id=2188, stack(0x000000e246a00000,0x000000e246b00000)]
  0x000002ad1bc546a0 JavaThread "Kotlin DSL Writer" [_thread_blocked, id=5756, stack(0x000000e246b00000,0x000000e246c00000)]

Other Threads:
  0x000002ad7b59c160 VMThread "VM Thread" [stack: 0x000000e243800000,0x000000e243900000] [id=10880]
  0x000002ad192e1d30 WatcherThread [stack: 0x000000e244400000,0x000000e244500000] [id=13188]
  0x000002ad6561c320 GCTaskThread "GC Thread#0" [stack: 0x000000e243300000,0x000000e243400000] [id=12224]
  0x000002ad1948e560 GCTaskThread "GC Thread#1" [stack: 0x000000e244500000,0x000000e244600000] [id=6256]
  0x000002ad1948e820 GCTaskThread "GC Thread#2" [stack: 0x000000e244600000,0x000000e244700000] [id=1272]
  0x000002ad1948eae0 GCTaskThread "GC Thread#3" [stack: 0x000000e244700000,0x000000e244800000] [id=5040]
  0x000002ad65621180 ConcurrentGCThread "G1 Main Marker" [stack: 0x000000e243400000,0x000000e243500000] [id=3692]
  0x000002ad65621ab0 ConcurrentGCThread "G1 Conc#0" [stack: 0x000000e243500000,0x000000e243600000] [id=12272]
  0x000002ad656addb0 ConcurrentGCThread "G1 Refine#0" [stack: 0x000000e243600000,0x000000e243700000] [id=13816]
  0x000002ad19e6a260 ConcurrentGCThread "G1 Refine#1" [stack: 0x000000e246200000,0x000000e246300000] [id=944]
  0x000002ad19e69c80 ConcurrentGCThread "G1 Refine#2" [stack: 0x000000e246300000,0x000000e246400000] [id=6912]
  0x000002ad656ae6f0 ConcurrentGCThread "G1 Service" [stack: 0x000000e243700000,0x000000e243800000] [id=12768]

Threads with active compile tasks:
C2 CompilerThread0    20832 6976       4       java.net.URLClassLoader$1::run (5 bytes)
C2 CompilerThread1    20832 6970       4       jdk.internal.loader.URLClassPath::getResource (74 bytes)

VM state: not at safepoint (normal execution)

VM Mutex/Monitor currently owned by a thread: None

Heap address: 0x00000000e0000000, size: 512 MB, Compressed Oops mode: 32-bit

CDS archive(s) mapped at: [0x000002ad00000000-0x000002ad00c00000-0x000002ad00c00000), size 12582912, SharedBaseAddress: 0x000002ad00000000, ArchiveRelocationMode: 1.
Compressed class space mapped at: 0x000002ad01000000-0x000002ad15000000, reserved size: 335544320
Narrow klass base: 0x000002ad00000000, Narrow klass shift: 0, Narrow klass range: 0x100000000

GC Precious Log:
 CPUs: 4 total, 4 available
 Memory: 16256M
 Large Page Support: Disabled
 NUMA Support: Disabled
 Compressed Oops: Enabled (32-bit)
 Heap Region Size: 1M
 Heap Min Capacity: 256M
 Heap Initial Capacity: 256M
 Heap Max Capacity: 512M
 Pre-touch: Disabled
 Parallel Workers: 4
 Concurrent Workers: 1
 Concurrent Refinement Workers: 4
 Periodic GC: Disabled

Heap:
 garbage-first heap   total 262144K, used 73809K [0x00000000e0000000, 0x0000000100000000)
  region size 1024K, 45 young (46080K), 11 survivors (11264K)
 Metaspace       used 64757K, committed 65280K, reserved 393216K
  class space    used 8990K, committed 9216K, reserved 327680K

Heap Regions: E=young(eden), S=young(survivor), O=old, HS=humongous(starts), HC=humongous(continues), CS=collection set, F=free, OA=open archive, CA=closed archive, TAMS=top-at-mark-start (previous, next)
|   0|0x00000000e0000000, 0x00000000e0100000, 0x00000000e0100000|100%| O|  |TAMS 0x00000000e0100000, 0x00000000e0000000| Untracked 
|   1|0x00000000e0100000, 0x00000000e0200000, 0x00000000e0200000|100%| O|  |TAMS 0x00000000e0200000, 0x00000000e0100000| Untracked 
|   2|0x00000000e0200000, 0x00000000e0300000, 0x00000000e0300000|100%|HS|  |TAMS 0x00000000e0300000, 0x00000000e0200000| Complete 
|   3|0x00000000e0300000, 0x00000000e0400000, 0x00000000e0400000|100%|HC|  |TAMS 0x00000000e0400000, 0x00000000e0300000| Complete 
|   4|0x00000000e0400000, 0x00000000e0500000, 0x00000000e0500000|100%|HC|  |TAMS 0x00000000e0500000, 0x00000000e0400000| Complete 
|   5|0x00000000e0500000, 0x00000000e0600000, 0x00000000e0600000|100%|HC|  |TAMS 0x00000000e0600000, 0x00000000e0500000| Complete 
|   6|0x00000000e0600000, 0x00000000e0700000, 0x00000000e0700000|100%| O|  |TAMS 0x00000000e0700000, 0x00000000e0600000| Untracked 
|   7|0x00000000e0700000, 0x00000000e0700000, 0x00000000e0800000|  0%| F|  |TAMS 0x00000000e0700000, 0x00000000e0700000| Untracked 
|   8|0x00000000e0800000, 0x00000000e0900000, 0x00000000e0900000|100%| O|  |TAMS 0x00000000e0900000, 0x00000000e0800000| Untracked 
|   9|0x00000000e0900000, 0x00000000e0a00000, 0x00000000e0a00000|100%| O|  |TAMS 0x00000000e0a00000, 0x00000000e0900000| Untracked 
|  10|0x00000000e0a00000, 0x00000000e0b00000, 0x00000000e0b00000|100%| O|  |TAMS 0x00000000e0b00000, 0x00000000e0a00000| Untracked 
|  11|0x00000000e0b00000, 0x00000000e0c00000, 0x00000000e0c00000|100%| O|  |TAMS 0x00000000e0c00000, 0x00000000e0b00000| Untracked 
|  12|0x00000000e0c00000, 0x00000000e0d00000, 0x00000000e0d00000|100%| O|  |TAMS 0x00000000e0d00000, 0x00000000e0c00000| Untracked 
|  13|0x00000000e0d00000, 0x00000000e0e00000, 0x00000000e0e00000|100%| O|  |TAMS 0x00000000e0e00000, 0x00000000e0d00000| Untracked 
|  14|0x00000000e0e00000, 0x00000000e0f00000, 0x00000000e0f00000|100%| O|  |TAMS 0x00000000e0f00000, 0x00000000e0e00000| Untracked 
|  15|0x00000000e0f00000, 0x00000000e1000000, 0x00000000e1000000|100%| O|  |TAMS 0x00000000e1000000, 0x00000000e0f00000| Untracked 
|  16|0x00000000e1000000, 0x00000000e1100000, 0x00000000e1100000|100%| O|  |TAMS 0x00000000e1100000, 0x00000000e1000000| Untracked 
|  17|0x00000000e1100000, 0x00000000e1200000, 0x00000000e1200000|100%| O|  |TAMS 0x00000000e1200000, 0x00000000e1100000| Untracked 
|  18|0x00000000e1200000, 0x00000000e1300000, 0x00000000e1300000|100%| O|  |TAMS 0x00000000e1300000, 0x00000000e1200000| Untracked 
|  19|0x00000000e1300000, 0x00000000e1400000, 0x00000000e1400000|100%| O|  |TAMS 0x00000000e1400000, 0x00000000e1300000| Untracked 
|  20|0x00000000e1400000, 0x00000000e1500000, 0x00000000e1500000|100%| O|  |TAMS 0x00000000e1500000, 0x00000000e1400000| Untracked 
|  21|0x00000000e1500000, 0x00000000e1600000, 0x00000000e1600000|100%| O|  |TAMS 0x00000000e1600000, 0x00000000e1500000| Untracked 
|  22|0x00000000e1600000, 0x00000000e1700000, 0x00000000e1700000|100%| O|  |TAMS 0x00000000e1700000, 0x00000000e1600000| Untracked 
|  23|0x00000000e1700000, 0x00000000e1800000, 0x00000000e1800000|100%| O|  |TAMS 0x00000000e1800000, 0x00000000e1700000| Untracked 
|  24|0x00000000e1800000, 0x00000000e1900000, 0x00000000e1900000|100%| O|  |TAMS 0x00000000e1900000, 0x00000000e1800000| Untracked 
|  25|0x00000000e1900000, 0x00000000e1a00000, 0x00000000e1a00000|100%| O|  |TAMS 0x00000000e1a00000, 0x00000000e1900000| Untracked 
|  26|0x00000000e1a00000, 0x00000000e1b00000, 0x00000000e1b00000|100%| O|  |TAMS 0x00000000e1b00000, 0x00000000e1a00000| Untracked 
|  27|0x00000000e1b00000, 0x00000000e1c00000, 0x00000000e1c00000|100%| O|  |TAMS 0x00000000e1c00000, 0x00000000e1b00000| Untracked 
|  28|0x00000000e1c00000, 0x00000000e1d00000, 0x00000000e1d00000|100%| O|  |TAMS 0x00000000e1d00000, 0x00000000e1c00000| Untracked 
|  29|0x00000000e1d00000, 0x00000000e1d8f400, 0x00000000e1e00000| 55%| O|  |TAMS 0x00000000e1d8f400, 0x00000000e1d00000| Untracked 
|  30|0x00000000e1e00000, 0x00000000e1e00000, 0x00000000e1f00000|  0%| F|  |TAMS 0x00000000e1e00000, 0x00000000e1e00000| Untracked 
|  31|0x00000000e1f00000, 0x00000000e1f00000, 0x00000000e2000000|  0%| F|  |TAMS 0x00000000e1f00000, 0x00000000e1f00000| Untracked 
|  32|0x00000000e2000000, 0x00000000e2000000, 0x00000000e2100000|  0%| F|  |TAMS 0x00000000e2000000, 0x00000000e2000000| Untracked 
|  33|0x00000000e2100000, 0x00000000e2100000, 0x00000000e2200000|  0%| F|  |TAMS 0x00000000e2100000, 0x00000000e2100000| Untracked 
|  34|0x00000000e2200000, 0x00000000e2200000, 0x00000000e2300000|  0%| F|  |TAMS 0x00000000e2200000, 0x00000000e2200000| Untracked 
|  35|0x00000000e2300000, 0x00000000e2300000, 0x00000000e2400000|  0%| F|  |TAMS 0x00000000e2300000, 0x00000000e2300000| Untracked 
|  36|0x00000000e2400000, 0x00000000e2400000, 0x00000000e2500000|  0%| F|  |TAMS 0x00000000e2400000, 0x00000000e2400000| Untracked 
|  37|0x00000000e2500000, 0x00000000e2500000, 0x00000000e2600000|  0%| F|  |TAMS 0x00000000e2500000, 0x00000000e2500000| Untracked 
|  38|0x00000000e2600000, 0x00000000e2600000, 0x00000000e2700000|  0%| F|  |TAMS 0x00000000e2600000, 0x00000000e2600000| Untracked 
|  39|0x00000000e2700000, 0x00000000e2700000, 0x00000000e2800000|  0%| F|  |TAMS 0x00000000e2700000, 0x00000000e2700000| Untracked 
|  40|0x00000000e2800000, 0x00000000e2800000, 0x00000000e2900000|  0%| F|  |TAMS 0x00000000e2800000, 0x00000000e2800000| Untracked 
|  41|0x00000000e2900000, 0x00000000e2900000, 0x00000000e2a00000|  0%| F|  |TAMS 0x00000000e2900000, 0x00000000e2900000| Untracked 
|  42|0x00000000e2a00000, 0x00000000e2a00000, 0x00000000e2b00000|  0%| F|  |TAMS 0x00000000e2a00000, 0x00000000e2a00000| Untracked 
|  43|0x00000000e2b00000, 0x00000000e2b00000, 0x00000000e2c00000|  0%| F|  |TAMS 0x00000000e2b00000, 0x00000000e2b00000| Untracked 
|  44|0x00000000e2c00000, 0x00000000e2c00000, 0x00000000e2d00000|  0%| F|  |TAMS 0x00000000e2c00000, 0x00000000e2c00000| Untracked 
|  45|0x00000000e2d00000, 0x00000000e2d00000, 0x00000000e2e00000|  0%| F|  |TAMS 0x00000000e2d00000, 0x00000000e2d00000| Untracked 
|  46|0x00000000e2e00000, 0x00000000e2e00000, 0x00000000e2f00000|  0%| F|  |TAMS 0x00000000e2e00000, 0x00000000e2e00000| Untracked 
|  47|0x00000000e2f00000, 0x00000000e2f00000, 0x00000000e3000000|  0%| F|  |TAMS 0x00000000e2f00000, 0x00000000e2f00000| Untracked 
|  48|0x00000000e3000000, 0x00000000e3000000, 0x00000000e3100000|  0%| F|  |TAMS 0x00000000e3000000, 0x00000000e3000000| Untracked 
|  49|0x00000000e3100000, 0x00000000e3100000, 0x00000000e3200000|  0%| F|  |TAMS 0x00000000e3100000, 0x00000000e3100000| Untracked 
|  50|0x00000000e3200000, 0x00000000e3200000, 0x00000000e3300000|  0%| F|  |TAMS 0x00000000e3200000, 0x00000000e3200000| Untracked 
|  51|0x00000000e3300000, 0x00000000e3300000, 0x00000000e3400000|  0%| F|  |TAMS 0x00000000e3300000, 0x00000000e3300000| Untracked 
|  52|0x00000000e3400000, 0x00000000e3400000, 0x00000000e3500000|  0%| F|  |TAMS 0x00000000e3400000, 0x00000000e3400000| Untracked 
|  53|0x00000000e3500000, 0x00000000e3500000, 0x00000000e3600000|  0%| F|  |TAMS 0x00000000e3500000, 0x00000000e3500000| Untracked 
|  54|0x00000000e3600000, 0x00000000e3600000, 0x00000000e3700000|  0%| F|  |TAMS 0x00000000e3600000, 0x00000000e3600000| Untracked 
|  55|0x00000000e3700000, 0x00000000e3700000, 0x00000000e3800000|  0%| F|  |TAMS 0x00000000e3700000, 0x00000000e3700000| Untracked 
|  56|0x00000000e3800000, 0x00000000e3800000, 0x00000000e3900000|  0%| F|  |TAMS 0x00000000e3800000, 0x00000000e3800000| Untracked 
|  57|0x00000000e3900000, 0x00000000e3900000, 0x00000000e3a00000|  0%| F|  |TAMS 0x00000000e3900000, 0x00000000e3900000| Untracked 
|  58|0x00000000e3a00000, 0x00000000e3a00000, 0x00000000e3b00000|  0%| F|  |TAMS 0x00000000e3a00000, 0x00000000e3a00000| Untracked 
|  59|0x00000000e3b00000, 0x00000000e3b00000, 0x00000000e3c00000|  0%| F|  |TAMS 0x00000000e3b00000, 0x00000000e3b00000| Untracked 
|  60|0x00000000e3c00000, 0x00000000e3c00000, 0x00000000e3d00000|  0%| F|  |TAMS 0x00000000e3c00000, 0x00000000e3c00000| Untracked 
|  61|0x00000000e3d00000, 0x00000000e3d00000, 0x00000000e3e00000|  0%| F|  |TAMS 0x00000000e3d00000, 0x00000000e3d00000| Untracked 
|  62|0x00000000e3e00000, 0x00000000e3e00000, 0x00000000e3f00000|  0%| F|  |TAMS 0x00000000e3e00000, 0x00000000e3e00000| Untracked 
|  63|0x00000000e3f00000, 0x00000000e3f00000, 0x00000000e4000000|  0%| F|  |TAMS 0x00000000e3f00000, 0x00000000e3f00000| Untracked 
|  64|0x00000000e4000000, 0x00000000e4000000, 0x00000000e4100000|  0%| F|  |TAMS 0x00000000e4000000, 0x00000000e4000000| Untracked 
|  65|0x00000000e4100000, 0x00000000e4100000, 0x00000000e4200000|  0%| F|  |TAMS 0x00000000e4100000, 0x00000000e4100000| Untracked 
|  66|0x00000000e4200000, 0x00000000e4200000, 0x00000000e4300000|  0%| F|  |TAMS 0x00000000e4200000, 0x00000000e4200000| Untracked 
|  67|0x00000000e4300000, 0x00000000e4300000, 0x00000000e4400000|  0%| F|  |TAMS 0x00000000e4300000, 0x00000000e4300000| Untracked 
|  68|0x00000000e4400000, 0x00000000e4400000, 0x00000000e4500000|  0%| F|  |TAMS 0x00000000e4400000, 0x00000000e4400000| Untracked 
|  69|0x00000000e4500000, 0x00000000e4500000, 0x00000000e4600000|  0%| F|  |TAMS 0x00000000e4500000, 0x00000000e4500000| Untracked 
|  70|0x00000000e4600000, 0x00000000e4600000, 0x00000000e4700000|  0%| F|  |TAMS 0x00000000e4600000, 0x00000000e4600000| Untracked 
|  71|0x00000000e4700000, 0x00000000e4700000, 0x00000000e4800000|  0%| F|  |TAMS 0x00000000e4700000, 0x00000000e4700000| Untracked 
|  72|0x00000000e4800000, 0x00000000e4800000, 0x00000000e4900000|  0%| F|  |TAMS 0x00000000e4800000, 0x00000000e4800000| Untracked 
|  73|0x00000000e4900000, 0x00000000e4900000, 0x00000000e4a00000|  0%| F|  |TAMS 0x00000000e4900000, 0x00000000e4900000| Untracked 
|  74|0x00000000e4a00000, 0x00000000e4a00000, 0x00000000e4b00000|  0%| F|  |TAMS 0x00000000e4a00000, 0x00000000e4a00000| Untracked 
|  75|0x00000000e4b00000, 0x00000000e4b00000, 0x00000000e4c00000|  0%| F|  |TAMS 0x00000000e4b00000, 0x00000000e4b00000| Untracked 
|  76|0x00000000e4c00000, 0x00000000e4c00000, 0x00000000e4d00000|  0%| F|  |TAMS 0x00000000e4c00000, 0x00000000e4c00000| Untracked 
|  77|0x00000000e4d00000, 0x00000000e4d00000, 0x00000000e4e00000|  0%| F|  |TAMS 0x00000000e4d00000, 0x00000000e4d00000| Untracked 
|  78|0x00000000e4e00000, 0x00000000e4e00000, 0x00000000e4f00000|  0%| F|  |TAMS 0x00000000e4e00000, 0x00000000e4e00000| Untracked 
|  79|0x00000000e4f00000, 0x00000000e4f00000, 0x00000000e5000000|  0%| F|  |TAMS 0x00000000e4f00000, 0x00000000e4f00000| Untracked 
|  80|0x00000000e5000000, 0x00000000e5000000, 0x00000000e5100000|  0%| F|  |TAMS 0x00000000e5000000, 0x00000000e5000000| Untracked 
|  81|0x00000000e5100000, 0x00000000e5100000, 0x00000000e5200000|  0%| F|  |TAMS 0x00000000e5100000, 0x00000000e5100000| Untracked 
|  82|0x00000000e5200000, 0x00000000e5200000, 0x00000000e5300000|  0%| F|  |TAMS 0x00000000e5200000, 0x00000000e5200000| Untracked 
|  83|0x00000000e5300000, 0x00000000e5300000, 0x00000000e5400000|  0%| F|  |TAMS 0x00000000e5300000, 0x00000000e5300000| Untracked 
|  84|0x00000000e5400000, 0x00000000e5400000, 0x00000000e5500000|  0%| F|  |TAMS 0x00000000e5400000, 0x00000000e5400000| Untracked 
|  85|0x00000000e5500000, 0x00000000e5500000, 0x00000000e5600000|  0%| F|  |TAMS 0x00000000e5500000, 0x00000000e5500000| Untracked 
|  86|0x00000000e5600000, 0x00000000e5600000, 0x00000000e5700000|  0%| F|  |TAMS 0x00000000e5600000, 0x00000000e5600000| Untracked 
|  87|0x00000000e5700000, 0x00000000e5700000, 0x00000000e5800000|  0%| F|  |TAMS 0x00000000e5700000, 0x00000000e5700000| Untracked 
|  88|0x00000000e5800000, 0x00000000e5800000, 0x00000000e5900000|  0%| F|  |TAMS 0x00000000e5800000, 0x00000000e5800000| Untracked 
|  89|0x00000000e5900000, 0x00000000e5900000, 0x00000000e5a00000|  0%| F|  |TAMS 0x00000000e5900000, 0x00000000e5900000| Untracked 
|  90|0x00000000e5a00000, 0x00000000e5a00000, 0x00000000e5b00000|  0%| F|  |TAMS 0x00000000e5a00000, 0x00000000e5a00000| Untracked 
|  91|0x00000000e5b00000, 0x00000000e5b00000, 0x00000000e5c00000|  0%| F|  |TAMS 0x00000000e5b00000, 0x00000000e5b00000| Untracked 
|  92|0x00000000e5c00000, 0x00000000e5c00000, 0x00000000e5d00000|  0%| F|  |TAMS 0x00000000e5c00000, 0x00000000e5c00000| Untracked 
|  93|0x00000000e5d00000, 0x00000000e5d00000, 0x00000000e5e00000|  0%| F|  |TAMS 0x00000000e5d00000, 0x00000000e5d00000| Untracked 
|  94|0x00000000e5e00000, 0x00000000e5e00000, 0x00000000e5f00000|  0%| F|  |TAMS 0x00000000e5e00000, 0x00000000e5e00000| Untracked 
|  95|0x00000000e5f00000, 0x00000000e5f00000, 0x00000000e6000000|  0%| F|  |TAMS 0x00000000e5f00000, 0x00000000e5f00000| Untracked 
|  96|0x00000000e6000000, 0x00000000e6000000, 0x00000000e6100000|  0%| F|  |TAMS 0x00000000e6000000, 0x00000000e6000000| Untracked 
|  97|0x00000000e6100000, 0x00000000e6100000, 0x00000000e6200000|  0%| F|  |TAMS 0x00000000e6100000, 0x00000000e6100000| Untracked 
|  98|0x00000000e6200000, 0x00000000e6200000, 0x00000000e6300000|  0%| F|  |TAMS 0x00000000e6200000, 0x00000000e6200000| Untracked 
|  99|0x00000000e6300000, 0x00000000e6300000, 0x00000000e6400000|  0%| F|  |TAMS 0x00000000e6300000, 0x00000000e6300000| Untracked 
| 100|0x00000000e6400000, 0x00000000e6400000, 0x00000000e6500000|  0%| F|  |TAMS 0x00000000e6400000, 0x00000000e6400000| Untracked 
| 101|0x00000000e6500000, 0x00000000e6500000, 0x00000000e6600000|  0%| F|  |TAMS 0x00000000e6500000, 0x00000000e6500000| Untracked 
| 102|0x00000000e6600000, 0x00000000e6600000, 0x00000000e6700000|  0%| F|  |TAMS 0x00000000e6600000, 0x00000000e6600000| Untracked 
| 103|0x00000000e6700000, 0x00000000e6700000, 0x00000000e6800000|  0%| F|  |TAMS 0x00000000e6700000, 0x00000000e6700000| Untracked 
| 104|0x00000000e6800000, 0x00000000e6800000, 0x00000000e6900000|  0%| F|  |TAMS 0x00000000e6800000, 0x00000000e6800000| Untracked 
| 105|0x00000000e6900000, 0x00000000e6900000, 0x00000000e6a00000|  0%| F|  |TAMS 0x00000000e6900000, 0x00000000e6900000| Untracked 
| 106|0x00000000e6a00000, 0x00000000e6a00000, 0x00000000e6b00000|  0%| F|  |TAMS 0x00000000e6a00000, 0x00000000e6a00000| Untracked 
| 107|0x00000000e6b00000, 0x00000000e6b00000, 0x00000000e6c00000|  0%| F|  |TAMS 0x00000000e6b00000, 0x00000000e6b00000| Untracked 
| 108|0x00000000e6c00000, 0x00000000e6c00000, 0x00000000e6d00000|  0%| F|  |TAMS 0x00000000e6c00000, 0x00000000e6c00000| Untracked 
| 109|0x00000000e6d00000, 0x00000000e6d00000, 0x00000000e6e00000|  0%| F|  |TAMS 0x00000000e6d00000, 0x00000000e6d00000| Untracked 
| 110|0x00000000e6e00000, 0x00000000e6e00000, 0x00000000e6f00000|  0%| F|  |TAMS 0x00000000e6e00000, 0x00000000e6e00000| Untracked 
| 111|0x00000000e6f00000, 0x00000000e6f00000, 0x00000000e7000000|  0%| F|  |TAMS 0x00000000e6f00000, 0x00000000e6f00000| Untracked 
| 112|0x00000000e7000000, 0x00000000e7000000, 0x00000000e7100000|  0%| F|  |TAMS 0x00000000e7000000, 0x00000000e7000000| Untracked 
| 113|0x00000000e7100000, 0x00000000e7100000, 0x00000000e7200000|  0%| F|  |TAMS 0x00000000e7100000, 0x00000000e7100000| Untracked 
| 114|0x00000000e7200000, 0x00000000e7200000, 0x00000000e7300000|  0%| F|  |TAMS 0x00000000e7200000, 0x00000000e7200000| Untracked 
| 115|0x00000000e7300000, 0x00000000e7300000, 0x00000000e7400000|  0%| F|  |TAMS 0x00000000e7300000, 0x00000000e7300000| Untracked 
| 116|0x00000000e7400000, 0x00000000e7400000, 0x00000000e7500000|  0%| F|  |TAMS 0x00000000e7400000, 0x00000000e7400000| Untracked 
| 117|0x00000000e7500000, 0x00000000e7500000, 0x00000000e7600000|  0%| F|  |TAMS 0x00000000e7500000, 0x00000000e7500000| Untracked 
| 118|0x00000000e7600000, 0x00000000e7600000, 0x00000000e7700000|  0%| F|  |TAMS 0x00000000e7600000, 0x00000000e7600000| Untracked 
| 119|0x00000000e7700000, 0x00000000e7700000, 0x00000000e7800000|  0%| F|  |TAMS 0x00000000e7700000, 0x00000000e7700000| Untracked 
| 120|0x00000000e7800000, 0x00000000e7800000, 0x00000000e7900000|  0%| F|  |TAMS 0x00000000e7800000, 0x00000000e7800000| Untracked 
| 121|0x00000000e7900000, 0x00000000e7900000, 0x00000000e7a00000|  0%| F|  |TAMS 0x00000000e7900000, 0x00000000e7900000| Untracked 
| 122|0x00000000e7a00000, 0x00000000e7a00000, 0x00000000e7b00000|  0%| F|  |TAMS 0x00000000e7a00000, 0x00000000e7a00000| Untracked 
| 123|0x00000000e7b00000, 0x00000000e7b00000, 0x00000000e7c00000|  0%| F|  |TAMS 0x00000000e7b00000, 0x00000000e7b00000| Untracked 
| 124|0x00000000e7c00000, 0x00000000e7c00000, 0x00000000e7d00000|  0%| F|  |TAMS 0x00000000e7c00000, 0x00000000e7c00000| Untracked 
| 125|0x00000000e7d00000, 0x00000000e7d00000, 0x00000000e7e00000|  0%| F|  |TAMS 0x00000000e7d00000, 0x00000000e7d00000| Untracked 
| 126|0x00000000e7e00000, 0x00000000e7e00000, 0x00000000e7f00000|  0%| F|  |TAMS 0x00000000e7e00000, 0x00000000e7e00000| Untracked 
| 127|0x00000000e7f00000, 0x00000000e7f00000, 0x00000000e8000000|  0%| F|  |TAMS 0x00000000e7f00000, 0x00000000e7f00000| Untracked 
| 128|0x00000000e8000000, 0x00000000e8000000, 0x00000000e8100000|  0%| F|  |TAMS 0x00000000e8000000, 0x00000000e8000000| Untracked 
| 129|0x00000000e8100000, 0x00000000e8100000, 0x00000000e8200000|  0%| F|  |TAMS 0x00000000e8100000, 0x00000000e8100000| Untracked 
| 130|0x00000000e8200000, 0x00000000e8200000, 0x00000000e8300000|  0%| F|  |TAMS 0x00000000e8200000, 0x00000000e8200000| Untracked 
| 131|0x00000000e8300000, 0x00000000e8300000, 0x00000000e8400000|  0%| F|  |TAMS 0x00000000e8300000, 0x00000000e8300000| Untracked 
| 132|0x00000000e8400000, 0x00000000e8400000, 0x00000000e8500000|  0%| F|  |TAMS 0x00000000e8400000, 0x00000000e8400000| Untracked 
| 133|0x00000000e8500000, 0x00000000e8500000, 0x00000000e8600000|  0%| F|  |TAMS 0x00000000e8500000, 0x00000000e8500000| Untracked 
| 134|0x00000000e8600000, 0x00000000e8600000, 0x00000000e8700000|  0%| F|  |TAMS 0x00000000e8600000, 0x00000000e8600000| Untracked 
| 135|0x00000000e8700000, 0x00000000e8700000, 0x00000000e8800000|  0%| F|  |TAMS 0x00000000e8700000, 0x00000000e8700000| Untracked 
| 136|0x00000000e8800000, 0x00000000e8800000, 0x00000000e8900000|  0%| F|  |TAMS 0x00000000e8800000, 0x00000000e8800000| Untracked 
| 137|0x00000000e8900000, 0x00000000e8900000, 0x00000000e8a00000|  0%| F|  |TAMS 0x00000000e8900000, 0x00000000e8900000| Untracked 
| 138|0x00000000e8a00000, 0x00000000e8a00000, 0x00000000e8b00000|  0%| F|  |TAMS 0x00000000e8a00000, 0x00000000e8a00000| Untracked 
| 139|0x00000000e8b00000, 0x00000000e8b00000, 0x00000000e8c00000|  0%| F|  |TAMS 0x00000000e8b00000, 0x00000000e8b00000| Untracked 
| 140|0x00000000e8c00000, 0x00000000e8c00000, 0x00000000e8d00000|  0%| F|  |TAMS 0x00000000e8c00000, 0x00000000e8c00000| Untracked 
| 141|0x00000000e8d00000, 0x00000000e8d00000, 0x00000000e8e00000|  0%| F|  |TAMS 0x00000000e8d00000, 0x00000000e8d00000| Untracked 
| 142|0x00000000e8e00000, 0x00000000e8e00000, 0x00000000e8f00000|  0%| F|  |TAMS 0x00000000e8e00000, 0x00000000e8e00000| Untracked 
| 143|0x00000000e8f00000, 0x00000000e8f00000, 0x00000000e9000000|  0%| F|  |TAMS 0x00000000e8f00000, 0x00000000e8f00000| Untracked 
| 144|0x00000000e9000000, 0x00000000e9000000, 0x00000000e9100000|  0%| F|  |TAMS 0x00000000e9000000, 0x00000000e9000000| Untracked 
| 145|0x00000000e9100000, 0x00000000e9100000, 0x00000000e9200000|  0%| F|  |TAMS 0x00000000e9100000, 0x00000000e9100000| Untracked 
| 146|0x00000000e9200000, 0x00000000e9200000, 0x00000000e9300000|  0%| F|  |TAMS 0x00000000e9200000, 0x00000000e9200000| Untracked 
| 147|0x00000000e9300000, 0x00000000e9300000, 0x00000000e9400000|  0%| F|  |TAMS 0x00000000e9300000, 0x00000000e9300000| Untracked 
| 148|0x00000000e9400000, 0x00000000e9400000, 0x00000000e9500000|  0%| F|  |TAMS 0x00000000e9400000, 0x00000000e9400000| Untracked 
| 149|0x00000000e9500000, 0x00000000e9500000, 0x00000000e9600000|  0%| F|  |TAMS 0x00000000e9500000, 0x00000000e9500000| Untracked 
| 150|0x00000000e9600000, 0x00000000e9600000, 0x00000000e9700000|  0%| F|  |TAMS 0x00000000e9600000, 0x00000000e9600000| Untracked 
| 151|0x00000000e9700000, 0x00000000e9700000, 0x00000000e9800000|  0%| F|  |TAMS 0x00000000e9700000, 0x00000000e9700000| Untracked 
| 152|0x00000000e9800000, 0x00000000e9800000, 0x00000000e9900000|  0%| F|  |TAMS 0x00000000e9800000, 0x00000000e9800000| Untracked 
| 153|0x00000000e9900000, 0x00000000e9900000, 0x00000000e9a00000|  0%| F|  |TAMS 0x00000000e9900000, 0x00000000e9900000| Untracked 
| 154|0x00000000e9a00000, 0x00000000e9a00000, 0x00000000e9b00000|  0%| F|  |TAMS 0x00000000e9a00000, 0x00000000e9a00000| Untracked 
| 155|0x00000000e9b00000, 0x00000000e9b00000, 0x00000000e9c00000|  0%| F|  |TAMS 0x00000000e9b00000, 0x00000000e9b00000| Untracked 
| 156|0x00000000e9c00000, 0x00000000e9c00000, 0x00000000e9d00000|  0%| F|  |TAMS 0x00000000e9c00000, 0x00000000e9c00000| Untracked 
| 157|0x00000000e9d00000, 0x00000000e9d00000, 0x00000000e9e00000|  0%| F|  |TAMS 0x00000000e9d00000, 0x00000000e9d00000| Untracked 
| 158|0x00000000e9e00000, 0x00000000e9e00000, 0x00000000e9f00000|  0%| F|  |TAMS 0x00000000e9e00000, 0x00000000e9e00000| Untracked 
| 159|0x00000000e9f00000, 0x00000000e9f00000, 0x00000000ea000000|  0%| F|  |TAMS 0x00000000e9f00000, 0x00000000e9f00000| Untracked 
| 160|0x00000000ea000000, 0x00000000ea000000, 0x00000000ea100000|  0%| F|  |TAMS 0x00000000ea000000, 0x00000000ea000000| Untracked 
| 161|0x00000000ea100000, 0x00000000ea100000, 0x00000000ea200000|  0%| F|  |TAMS 0x00000000ea100000, 0x00000000ea100000| Untracked 
| 162|0x00000000ea200000, 0x00000000ea200000, 0x00000000ea300000|  0%| F|  |TAMS 0x00000000ea200000, 0x00000000ea200000| Untracked 
| 163|0x00000000ea300000, 0x00000000ea300000, 0x00000000ea400000|  0%| F|  |TAMS 0x00000000ea300000, 0x00000000ea300000| Untracked 
| 164|0x00000000ea400000, 0x00000000ea400000, 0x00000000ea500000|  0%| F|  |TAMS 0x00000000ea400000, 0x00000000ea400000| Untracked 
| 165|0x00000000ea500000, 0x00000000ea500000, 0x00000000ea600000|  0%| F|  |TAMS 0x00000000ea500000, 0x00000000ea500000| Untracked 
| 166|0x00000000ea600000, 0x00000000ea600000, 0x00000000ea700000|  0%| F|  |TAMS 0x00000000ea600000, 0x00000000ea600000| Untracked 
| 167|0x00000000ea700000, 0x00000000ea700000, 0x00000000ea800000|  0%| F|  |TAMS 0x00000000ea700000, 0x00000000ea700000| Untracked 
| 168|0x00000000ea800000, 0x00000000ea800000, 0x00000000ea900000|  0%| F|  |TAMS 0x00000000ea800000, 0x00000000ea800000| Untracked 
| 169|0x00000000ea900000, 0x00000000ea900000, 0x00000000eaa00000|  0%| F|  |TAMS 0x00000000ea900000, 0x00000000ea900000| Untracked 
| 170|0x00000000eaa00000, 0x00000000eaa00000, 0x00000000eab00000|  0%| F|  |TAMS 0x00000000eaa00000, 0x00000000eaa00000| Untracked 
| 171|0x00000000eab00000, 0x00000000eab00000, 0x00000000eac00000|  0%| F|  |TAMS 0x00000000eab00000, 0x00000000eab00000| Untracked 
| 172|0x00000000eac00000, 0x00000000eac00000, 0x00000000ead00000|  0%| F|  |TAMS 0x00000000eac00000, 0x00000000eac00000| Untracked 
| 173|0x00000000ead00000, 0x00000000ead00000, 0x00000000eae00000|  0%| F|  |TAMS 0x00000000ead00000, 0x00000000ead00000| Untracked 
| 174|0x00000000eae00000, 0x00000000eae00000, 0x00000000eaf00000|  0%| F|  |TAMS 0x00000000eae00000, 0x00000000eae00000| Untracked 
| 175|0x00000000eaf00000, 0x00000000eaf00000, 0x00000000eb000000|  0%| F|  |TAMS 0x00000000eaf00000, 0x00000000eaf00000| Untracked 
| 176|0x00000000eb000000, 0x00000000eb000000, 0x00000000eb100000|  0%| F|  |TAMS 0x00000000eb000000, 0x00000000eb000000| Untracked 
| 177|0x00000000eb100000, 0x00000000eb100000, 0x00000000eb200000|  0%| F|  |TAMS 0x00000000eb100000, 0x00000000eb100000| Untracked 
| 178|0x00000000eb200000, 0x00000000eb200000, 0x00000000eb300000|  0%| F|  |TAMS 0x00000000eb200000, 0x00000000eb200000| Untracked 
| 179|0x00000000eb300000, 0x00000000eb300000, 0x00000000eb400000|  0%| F|  |TAMS 0x00000000eb300000, 0x00000000eb300000| Untracked 
| 180|0x00000000eb400000, 0x00000000eb400000, 0x00000000eb500000|  0%| F|  |TAMS 0x00000000eb400000, 0x00000000eb400000| Untracked 
| 181|0x00000000eb500000, 0x00000000eb500000, 0x00000000eb600000|  0%| F|  |TAMS 0x00000000eb500000, 0x00000000eb500000| Untracked 
| 182|0x00000000eb600000, 0x00000000eb600000, 0x00000000eb700000|  0%| F|  |TAMS 0x00000000eb600000, 0x00000000eb600000| Untracked 
| 183|0x00000000eb700000, 0x00000000eb700000, 0x00000000eb800000|  0%| F|  |TAMS 0x00000000eb700000, 0x00000000eb700000| Untracked 
| 184|0x00000000eb800000, 0x00000000eb800000, 0x00000000eb900000|  0%| F|  |TAMS 0x00000000eb800000, 0x00000000eb800000| Untracked 
| 185|0x00000000eb900000, 0x00000000eb900000, 0x00000000eba00000|  0%| F|  |TAMS 0x00000000eb900000, 0x00000000eb900000| Untracked 
| 186|0x00000000eba00000, 0x00000000eba00000, 0x00000000ebb00000|  0%| F|  |TAMS 0x00000000eba00000, 0x00000000eba00000| Untracked 
| 187|0x00000000ebb00000, 0x00000000ebb00000, 0x00000000ebc00000|  0%| F|  |TAMS 0x00000000ebb00000, 0x00000000ebb00000| Untracked 
| 188|0x00000000ebc00000, 0x00000000ebc00000, 0x00000000ebd00000|  0%| F|  |TAMS 0x00000000ebc00000, 0x00000000ebc00000| Untracked 
| 189|0x00000000ebd00000, 0x00000000ebd00000, 0x00000000ebe00000|  0%| F|  |TAMS 0x00000000ebd00000, 0x00000000ebd00000| Untracked 
| 190|0x00000000ebe00000, 0x00000000ebe00000, 0x00000000ebf00000|  0%| F|  |TAMS 0x00000000ebe00000, 0x00000000ebe00000| Untracked 
| 191|0x00000000ebf00000, 0x00000000ebf00000, 0x00000000ec000000|  0%| F|  |TAMS 0x00000000ebf00000, 0x00000000ebf00000| Untracked 
| 192|0x00000000ec000000, 0x00000000ec000000, 0x00000000ec100000|  0%| F|  |TAMS 0x00000000ec000000, 0x00000000ec000000| Untracked 
| 193|0x00000000ec100000, 0x00000000ec100000, 0x00000000ec200000|  0%| F|  |TAMS 0x00000000ec100000, 0x00000000ec100000| Untracked 
| 194|0x00000000ec200000, 0x00000000ec200000, 0x00000000ec300000|  0%| F|  |TAMS 0x00000000ec200000, 0x00000000ec200000| Untracked 
| 195|0x00000000ec300000, 0x00000000ec300000, 0x00000000ec400000|  0%| F|  |TAMS 0x00000000ec300000, 0x00000000ec300000| Untracked 
| 196|0x00000000ec400000, 0x00000000ec400000, 0x00000000ec500000|  0%| F|  |TAMS 0x00000000ec400000, 0x00000000ec400000| Untracked 
| 197|0x00000000ec500000, 0x00000000ec500000, 0x00000000ec600000|  0%| F|  |TAMS 0x00000000ec500000, 0x00000000ec500000| Untracked 
| 198|0x00000000ec600000, 0x00000000ec600000, 0x00000000ec700000|  0%| F|  |TAMS 0x00000000ec600000, 0x00000000ec600000| Untracked 
| 199|0x00000000ec700000, 0x00000000ec700000, 0x00000000ec800000|  0%| F|  |TAMS 0x00000000ec700000, 0x00000000ec700000| Untracked 
| 200|0x00000000ec800000, 0x00000000ec800000, 0x00000000ec900000|  0%| F|  |TAMS 0x00000000ec800000, 0x00000000ec800000| Untracked 
| 201|0x00000000ec900000, 0x00000000ec900000, 0x00000000eca00000|  0%| F|  |TAMS 0x00000000ec900000, 0x00000000ec900000| Untracked 
| 202|0x00000000eca00000, 0x00000000eca00000, 0x00000000ecb00000|  0%| F|  |TAMS 0x00000000eca00000, 0x00000000eca00000| Untracked 
| 203|0x00000000ecb00000, 0x00000000ecb00000, 0x00000000ecc00000|  0%| F|  |TAMS 0x00000000ecb00000, 0x00000000ecb00000| Untracked 
| 204|0x00000000ecc00000, 0x00000000ecc00000, 0x00000000ecd00000|  0%| F|  |TAMS 0x00000000ecc00000, 0x00000000ecc00000| Untracked 
| 205|0x00000000ecd00000, 0x00000000ecd00000, 0x00000000ece00000|  0%| F|  |TAMS 0x00000000ecd00000, 0x00000000ecd00000| Untracked 
| 206|0x00000000ece00000, 0x00000000ece00000, 0x00000000ecf00000|  0%| F|  |TAMS 0x00000000ece00000, 0x00000000ece00000| Untracked 
| 207|0x00000000ecf00000, 0x00000000ecf00000, 0x00000000ed000000|  0%| F|  |TAMS 0x00000000ecf00000, 0x00000000ecf00000| Untracked 
| 208|0x00000000ed000000, 0x00000000ed000000, 0x00000000ed100000|  0%| F|  |TAMS 0x00000000ed000000, 0x00000000ed000000| Untracked 
| 209|0x00000000ed100000, 0x00000000ed100000, 0x00000000ed200000|  0%| F|  |TAMS 0x00000000ed100000, 0x00000000ed100000| Untracked 
| 210|0x00000000ed200000, 0x00000000ed280000, 0x00000000ed300000| 50%| E|  |TAMS 0x00000000ed200000, 0x00000000ed200000| Complete 
| 211|0x00000000ed300000, 0x00000000ed400000, 0x00000000ed400000|100%| E|CS|TAMS 0x00000000ed300000, 0x00000000ed300000| Complete 
| 212|0x00000000ed400000, 0x00000000ed500000, 0x00000000ed500000|100%| E|CS|TAMS 0x00000000ed400000, 0x00000000ed400000| Complete 
| 213|0x00000000ed500000, 0x00000000ed585380, 0x00000000ed600000| 52%| S|CS|TAMS 0x00000000ed500000, 0x00000000ed500000| Complete 
| 214|0x00000000ed600000, 0x00000000ed700000, 0x00000000ed700000|100%| S|CS|TAMS 0x00000000ed600000, 0x00000000ed600000| Complete 
| 215|0x00000000ed700000, 0x00000000ed800000, 0x00000000ed800000|100%| S|CS|TAMS 0x00000000ed700000, 0x00000000ed700000| Complete 
| 216|0x00000000ed800000, 0x00000000ed900000, 0x00000000ed900000|100%| S|CS|TAMS 0x00000000ed800000, 0x00000000ed800000| Complete 
| 217|0x00000000ed900000, 0x00000000eda00000, 0x00000000eda00000|100%| S|CS|TAMS 0x00000000ed900000, 0x00000000ed900000| Complete 
| 218|0x00000000eda00000, 0x00000000edb00000, 0x00000000edb00000|100%| S|CS|TAMS 0x00000000eda00000, 0x00000000eda00000| Complete 
| 219|0x00000000edb00000, 0x00000000edc00000, 0x00000000edc00000|100%| S|CS|TAMS 0x00000000edb00000, 0x00000000edb00000| Complete 
| 220|0x00000000edc00000, 0x00000000edd00000, 0x00000000edd00000|100%| S|CS|TAMS 0x00000000edc00000, 0x00000000edc00000| Complete 
| 221|0x00000000edd00000, 0x00000000ede00000, 0x00000000ede00000|100%| S|CS|TAMS 0x00000000edd00000, 0x00000000edd00000| Complete 
| 222|0x00000000ede00000, 0x00000000edf00000, 0x00000000edf00000|100%| S|CS|TAMS 0x00000000ede00000, 0x00000000ede00000| Complete 
| 223|0x00000000edf00000, 0x00000000ee000000, 0x00000000ee000000|100%| S|CS|TAMS 0x00000000edf00000, 0x00000000edf00000| Complete 
| 224|0x00000000ee000000, 0x00000000ee100000, 0x00000000ee100000|100%| E|CS|TAMS 0x00000000ee000000, 0x00000000ee000000| Complete 
| 225|0x00000000ee100000, 0x00000000ee200000, 0x00000000ee200000|100%| E|CS|TAMS 0x00000000ee100000, 0x00000000ee100000| Complete 
| 226|0x00000000ee200000, 0x00000000ee300000, 0x00000000ee300000|100%| E|CS|TAMS 0x00000000ee200000, 0x00000000ee200000| Complete 
| 227|0x00000000ee300000, 0x00000000ee400000, 0x00000000ee400000|100%| E|CS|TAMS 0x00000000ee300000, 0x00000000ee300000| Complete 
| 228|0x00000000ee400000, 0x00000000ee500000, 0x00000000ee500000|100%| E|CS|TAMS 0x00000000ee400000, 0x00000000ee400000| Complete 
| 229|0x00000000ee500000, 0x00000000ee600000, 0x00000000ee600000|100%| E|CS|TAMS 0x00000000ee500000, 0x00000000ee500000| Complete 
| 230|0x00000000ee600000, 0x00000000ee700000, 0x00000000ee700000|100%| E|CS|TAMS 0x00000000ee600000, 0x00000000ee600000| Complete 
| 231|0x00000000ee700000, 0x00000000ee800000, 0x00000000ee800000|100%| E|CS|TAMS 0x00000000ee700000, 0x00000000ee700000| Complete 
| 232|0x00000000ee800000, 0x00000000ee900000, 0x00000000ee900000|100%| E|CS|TAMS 0x00000000ee800000, 0x00000000ee800000| Complete 
| 233|0x00000000ee900000, 0x00000000eea00000, 0x00000000eea00000|100%| E|CS|TAMS 0x00000000ee900000, 0x00000000ee900000| Complete 
| 234|0x00000000eea00000, 0x00000000eeb00000, 0x00000000eeb00000|100%| E|CS|TAMS 0x00000000eea00000, 0x00000000eea00000| Complete 
| 235|0x00000000eeb00000, 0x00000000eec00000, 0x00000000eec00000|100%| E|CS|TAMS 0x00000000eeb00000, 0x00000000eeb00000| Complete 
| 236|0x00000000eec00000, 0x00000000eed00000, 0x00000000eed00000|100%| E|CS|TAMS 0x00000000eec00000, 0x00000000eec00000| Complete 
| 237|0x00000000eed00000, 0x00000000eee00000, 0x00000000eee00000|100%| E|CS|TAMS 0x00000000eed00000, 0x00000000eed00000| Complete 
| 238|0x00000000eee00000, 0x00000000eef00000, 0x00000000eef00000|100%| E|CS|TAMS 0x00000000eee00000, 0x00000000eee00000| Complete 
| 239|0x00000000eef00000, 0x00000000ef000000, 0x00000000ef000000|100%| E|CS|TAMS 0x00000000eef00000, 0x00000000eef00000| Complete 
| 240|0x00000000ef000000, 0x00000000ef100000, 0x00000000ef100000|100%| E|CS|TAMS 0x00000000ef000000, 0x00000000ef000000| Complete 
| 241|0x00000000ef100000, 0x00000000ef200000, 0x00000000ef200000|100%| E|CS|TAMS 0x00000000ef100000, 0x00000000ef100000| Complete 
| 242|0x00000000ef200000, 0x00000000ef300000, 0x00000000ef300000|100%| E|CS|TAMS 0x00000000ef200000, 0x00000000ef200000| Complete 
| 243|0x00000000ef300000, 0x00000000ef400000, 0x00000000ef400000|100%| E|CS|TAMS 0x00000000ef300000, 0x00000000ef300000| Complete 
| 244|0x00000000ef400000, 0x00000000ef500000, 0x00000000ef500000|100%| E|CS|TAMS 0x00000000ef400000, 0x00000000ef400000| Complete 
| 245|0x00000000ef500000, 0x00000000ef600000, 0x00000000ef600000|100%| E|CS|TAMS 0x00000000ef500000, 0x00000000ef500000| Complete 
| 246|0x00000000ef600000, 0x00000000ef700000, 0x00000000ef700000|100%| E|CS|TAMS 0x00000000ef600000, 0x00000000ef600000| Complete 
| 247|0x00000000ef700000, 0x00000000ef800000, 0x00000000ef800000|100%| E|CS|TAMS 0x00000000ef700000, 0x00000000ef700000| Complete 
| 248|0x00000000ef800000, 0x00000000ef900000, 0x00000000ef900000|100%| E|CS|TAMS 0x00000000ef800000, 0x00000000ef800000| Complete 
| 249|0x00000000ef900000, 0x00000000efa00000, 0x00000000efa00000|100%| E|CS|TAMS 0x00000000ef900000, 0x00000000ef900000| Complete 
| 250|0x00000000efa00000, 0x00000000efb00000, 0x00000000efb00000|100%| E|CS|TAMS 0x00000000efa00000, 0x00000000efa00000| Complete 
| 251|0x00000000efb00000, 0x00000000efc00000, 0x00000000efc00000|100%| E|CS|TAMS 0x00000000efb00000, 0x00000000efb00000| Complete 
| 252|0x00000000efc00000, 0x00000000efd00000, 0x00000000efd00000|100%| E|CS|TAMS 0x00000000efc00000, 0x00000000efc00000| Complete 
| 253|0x00000000efd00000, 0x00000000efe00000, 0x00000000efe00000|100%| E|CS|TAMS 0x00000000efd00000, 0x00000000efd00000| Complete 
| 254|0x00000000efe00000, 0x00000000eff00000, 0x00000000eff00000|100%| E|CS|TAMS 0x00000000efe00000, 0x00000000efe00000| Complete 
| 255|0x00000000eff00000, 0x00000000f0000000, 0x00000000f0000000|100%| E|CS|TAMS 0x00000000eff00000, 0x00000000eff00000| Complete 

Card table byte_map: [0x000002ad77de0000,0x000002ad77ee0000] _byte_map_base: 0x000002ad776e0000

Marking Bits (Prev, Next): (CMBitMap*) 0x000002ad6561c890, (CMBitMap*) 0x000002ad6561c850
 Prev Bits: [0x000002ad787e0000, 0x000002ad78fe0000)
 Next Bits: [0x000002ad77fe0000, 0x000002ad787e0000)

Polling page: 0x000002ad64db0000

Metaspace:

Usage:
  Non-class:     54.53 MB used.
      Class:      8.79 MB used.
       Both:     63.32 MB used.

Virtual space:
  Non-class space:       64.00 MB reserved,      54.81 MB ( 86%) committed,  1 nodes.
      Class space:      320.00 MB reserved,       9.06 MB (  3%) committed,  1 nodes.
             Both:      384.00 MB reserved,      63.88 MB ( 17%) committed. 

Chunk freelists:
   Non-Class:  9.20 MB
       Class:  6.92 MB
        Both:  16.12 MB

MaxMetaspaceSize: 384.00 MB
CompressedClassSpaceSize: 320.00 MB
Initial GC threshold: 21.00 MB
Current GC threshold: 100.31 MB
CDS: on
MetaspaceReclaimPolicy: balanced
 - commit_granule_bytes: 65536.
 - commit_granule_words: 8192.
 - virtual_space_node_default_size: 8388608.
 - enlarge_chunks_in_place: 1.
 - new_chunks_are_fully_committed: 0.
 - uncommit_free_chunks: 1.
 - use_allocation_guard: 0.
 - handle_deallocations: 1.


Internal statistics:

num_allocs_failed_limit: 15.
num_arena_births: 656.
num_arena_deaths: 0.
num_vsnodes_births: 2.
num_vsnodes_deaths: 0.
num_space_committed: 1022.
num_space_uncommitted: 0.
num_chunks_returned_to_freelist: 15.
num_chunks_taken_from_freelist: 2973.
num_chunk_merges: 15.
num_chunk_splits: 2063.
num_chunks_enlarged: 1489.
num_inconsistent_stats: 0.

CodeHeap 'non-profiled nmethods': size=120000Kb used=3231Kb max_used=3231Kb free=116768Kb
 bounds [0x000002ad708b0000, 0x000002ad70be0000, 0x000002ad77de0000]
CodeHeap 'profiled nmethods': size=120000Kb used=13075Kb max_used=13075Kb free=106924Kb
 bounds [0x000002ad68de0000, 0x000002ad69ab0000, 0x000002ad70310000]
CodeHeap 'non-nmethods': size=5760Kb used=2391Kb max_used=2463Kb free=3368Kb
 bounds [0x000002ad70310000, 0x000002ad70580000, 0x000002ad708b0000]
 total_blobs=7242 nmethods=6325 adapters=829
 compilation: enabled
              stopped_count=0, restarted_count=0
 full_count=0

Compilation events (20 events):
Event: 20.364 Thread 0x000002ad7b5ba3f0 7042       3       java.security.CodeSource::matchCerts (254 bytes)
Event: 20.365 Thread 0x000002ad7b5ba3f0 nmethod 7042 0x000002ad69a7cc10 code [0x000002ad69a7ce80, 0x000002ad69a7da18]
Event: 20.369 Thread 0x000002ad7b5ba3f0 7043       3       org.objectweb.asm.ClassReader::createDebugLabel (23 bytes)
Event: 20.370 Thread 0x000002ad7b5ba3f0 nmethod 7043 0x000002ad69a7de10 code [0x000002ad69a7dfe0, 0x000002ad69a7e4b8]
Event: 20.370 Thread 0x000002ad7b5ba3f0 7044       3       org.objectweb.asm.ClassReader::readClass (7 bytes)
Event: 20.370 Thread 0x000002ad7b5ba3f0 nmethod 7044 0x000002ad69a7e690 code [0x000002ad69a7e860, 0x000002ad69a7ebc8]
Event: 20.370 Thread 0x000002ad7b5ba3f0 7045       3       org.objectweb.asm.ClassReader::readStringish (16 bytes)
Event: 20.370 Thread 0x000002ad7b5ba3f0 nmethod 7045 0x000002ad69a7ed90 code [0x000002ad69a7ef60, 0x000002ad69a7f228]
Event: 20.372 Thread 0x000002ad7b5ba3f0 7046       3       org.objectweb.asm.ClassReader::readLabel (20 bytes)
Event: 20.372 Thread 0x000002ad7b5ba3f0 nmethod 7046 0x000002ad69a7f390 code [0x000002ad69a7f540, 0x000002ad69a7f978]
Event: 20.375 Thread 0x000002ad7b5ba3f0 7047       3       org.objectweb.asm.Label::accept (69 bytes)
Event: 20.375 Thread 0x000002ad7b5ba3f0 nmethod 7047 0x000002ad69a7fb10 code [0x000002ad69a7fce0, 0x000002ad69a80228]
Event: 20.375 Thread 0x000002ad7b5ba3f0 7048       3       org.objectweb.asm.Label::addLineNumber (106 bytes)
Event: 20.375 Thread 0x000002ad7b5ba3f0 nmethod 7048 0x000002ad69a80410 code [0x000002ad69a805e0, 0x000002ad69a80b08]
Event: 20.375 Thread 0x000002ad7b5ba3f0 7049       3       org.objectweb.asm.MethodWriter::visitLineNumber (50 bytes)
Event: 20.376 Thread 0x000002ad7b5ba3f0 nmethod 7049 0x000002ad69a80c90 code [0x000002ad69a80e60, 0x000002ad69a812f8]
Event: 20.376 Thread 0x000002ad7b5ba3f0 7050   !   3       java.util.concurrent.ConcurrentHashMap::computeIfAbsent (576 bytes)
Event: 20.378 Thread 0x000002ad7b5ba3f0 nmethod 7050 0x000002ad69a81510 code [0x000002ad69a81920, 0x000002ad69a83b78]
Event: 20.408 Thread 0x000002ad7b5ba3f0 7051       3       org.gradle.internal.logging.events.OutputEvent::<init> (5 bytes)
Event: 20.408 Thread 0x000002ad7b5ba3f0 nmethod 7051 0x000002ad69a84b10 code [0x000002ad69a84ca0, 0x000002ad69a84df8]

GC Heap History (18 events):
Event: 1.546 GC heap before
{Heap before GC invocations=0 (full 0):
 garbage-first heap   total 262144K, used 13312K [0x00000000e0000000, 0x0000000100000000)
  region size 1024K, 13 young (13312K), 0 survivors (0K)
 Metaspace       used 1039K, committed 1152K, reserved 393216K
  class space    used 82K, committed 128K, reserved 327680K
}
Event: 1.564 GC heap after
{Heap after GC invocations=1 (full 0):
 garbage-first heap   total 262144K, used 3694K [0x00000000e0000000, 0x0000000100000000)
  region size 1024K, 2 young (2048K), 2 survivors (2048K)
 Metaspace       used 1039K, committed 1152K, reserved 393216K
  class space    used 82K, committed 128K, reserved 327680K
}
Event: 2.812 GC heap before
{Heap before GC invocations=1 (full 0):
 garbage-first heap   total 262144K, used 23150K [0x00000000e0000000, 0x0000000100000000)
  region size 1024K, 18 young (18432K), 2 survivors (2048K)
 Metaspace       used 4084K, committed 4288K, reserved 393216K
  class space    used 526K, committed 640K, reserved 327680K
}
Event: 2.816 GC heap after
{Heap after GC invocations=2 (full 0):
 garbage-first heap   total 262144K, used 10737K [0x00000000e0000000, 0x0000000100000000)
  region size 1024K, 3 young (3072K), 3 survivors (3072K)
 Metaspace       used 4084K, committed 4288K, reserved 393216K
  class space    used 526K, committed 640K, reserved 327680K
}
Event: 3.998 GC heap before
{Heap before GC invocations=2 (full 0):
 garbage-first heap   total 262144K, used 36337K [0x00000000e0000000, 0x0000000100000000)
  region size 1024K, 27 young (27648K), 3 survivors (3072K)
 Metaspace       used 4221K, committed 4416K, reserved 393216K
  class space    used 528K, committed 640K, reserved 327680K
}
Event: 4.000 GC heap after
{Heap after GC invocations=3 (full 0):
 garbage-first heap   total 262144K, used 12884K [0x00000000e0000000, 0x0000000100000000)
  region size 1024K, 3 young (3072K), 3 survivors (3072K)
 Metaspace       used 4221K, committed 4416K, reserved 393216K
  class space    used 528K, committed 640K, reserved 327680K
}
Event: 8.952 GC heap before
{Heap before GC invocations=3 (full 0):
 garbage-first heap   total 262144K, used 121428K [0x00000000e0000000, 0x0000000100000000)
  region size 1024K, 110 young (112640K), 3 survivors (3072K)
 Metaspace       used 21207K, committed 21504K, reserved 393216K
  class space    used 3227K, committed 3392K, reserved 327680K
}
Event: 8.964 GC heap after
{Heap after GC invocations=4 (full 0):
 garbage-first heap   total 262144K, used 22067K [0x00000000e0000000, 0x0000000100000000)
  region size 1024K, 12 young (12288K), 12 survivors (12288K)
 Metaspace       used 21207K, committed 21504K, reserved 393216K
  class space    used 3227K, committed 3392K, reserved 327680K
}
Event: 12.662 GC heap before
{Heap before GC invocations=5 (full 0):
 garbage-first heap   total 262144K, used 134707K [0x00000000e0000000, 0x0000000100000000)
  region size 1024K, 119 young (121856K), 12 survivors (12288K)
 Metaspace       used 35833K, committed 36160K, reserved 393216K
  class space    used 5090K, committed 5248K, reserved 327680K
}
Event: 12.681 GC heap after
{Heap after GC invocations=6 (full 0):
 garbage-first heap   total 262144K, used 30327K [0x00000000e0000000, 0x0000000100000000)
  region size 1024K, 9 young (9216K), 9 survivors (9216K)
 Metaspace       used 35833K, committed 36160K, reserved 393216K
  class space    used 5090K, committed 5248K, reserved 327680K
}
Event: 12.787 GC heap before
{Heap before GC invocations=6 (full 0):
 garbage-first heap   total 262144K, used 33399K [0x00000000e0000000, 0x0000000100000000)
  region size 1024K, 12 young (12288K), 9 survivors (9216K)
 Metaspace       used 36153K, committed 36480K, reserved 393216K
  class space    used 5146K, committed 5312K, reserved 327680K
}
Event: 12.797 GC heap after
{Heap after GC invocations=7 (full 0):
 garbage-first heap   total 262144K, used 30609K [0x00000000e0000000, 0x0000000100000000)
  region size 1024K, 2 young (2048K), 2 survivors (2048K)
 Metaspace       used 36153K, committed 36480K, reserved 393216K
  class space    used 5146K, committed 5312K, reserved 327680K
}
Event: 12.801 GC heap before
{Heap before GC invocations=7 (full 0):
 garbage-first heap   total 262144K, used 30609K [0x00000000e0000000, 0x0000000100000000)
  region size 1024K, 3 young (3072K), 2 survivors (2048K)
 Metaspace       used 36169K, committed 36480K, reserved 393216K
  class space    used 5149K, committed 5312K, reserved 327680K
}
Event: 12.802 GC heap after
{Heap after GC invocations=8 (full 0):
 garbage-first heap   total 262144K, used 29600K [0x00000000e0000000, 0x0000000100000000)
  region size 1024K, 1 young (1024K), 1 survivors (1024K)
 Metaspace       used 36169K, committed 36480K, reserved 393216K
  class space    used 5149K, committed 5312K, reserved 327680K
}
Event: 18.694 GC heap before
{Heap before GC invocations=9 (full 0):
 garbage-first heap   total 262144K, used 180128K [0x00000000e0000000, 0x0000000100000000)
  region size 1024K, 147 young (150528K), 1 survivors (1024K)
 Metaspace       used 58510K, committed 59008K, reserved 393216K
  class space    used 8167K, committed 8384K, reserved 327680K
}
Event: 18.708 GC heap after
{Heap after GC invocations=10 (full 0):
 garbage-first heap   total 262144K, used 38002K [0x00000000e0000000, 0x0000000100000000)
  region size 1024K, 9 young (9216K), 9 survivors (9216K)
 Metaspace       used 58510K, committed 59008K, reserved 393216K
  class space    used 8167K, committed 8384K, reserved 327680K
}
Event: 19.843 GC heap before
{Heap before GC invocations=10 (full 0):
 garbage-first heap   total 262144K, used 69746K [0x00000000e0000000, 0x0000000100000000)
  region size 1024K, 41 young (41984K), 9 survivors (9216K)
 Metaspace       used 60732K, committed 61248K, reserved 393216K
  class space    used 8398K, committed 8640K, reserved 327680K
}
Event: 19.852 GC heap after
{Heap after GC invocations=11 (full 0):
 garbage-first heap   total 262144K, used 40017K [0x00000000e0000000, 0x0000000100000000)
  region size 1024K, 11 young (11264K), 11 survivors (11264K)
 Metaspace       used 60732K, committed 61248K, reserved 393216K
  class space    used 8398K, committed 8640K, reserved 327680K
}

Dll operation events (4 events):
Event: 0.079 Loaded shared library C:\Users\Juan Guerrero\.jdks\jbr-17.0.14\bin\java.dll
Event: 0.129 Loaded shared library C:\Users\Juan Guerrero\.jdks\jbr-17.0.14\bin\jsvml.dll
Event: 0.463 Loaded shared library C:\Users\Juan Guerrero\.jdks\jbr-17.0.14\bin\zip.dll
Event: 1.589 Loaded shared library C:\Users\Juan Guerrero\.jdks\jbr-17.0.14\bin\verify.dll

Deoptimization events (20 events):
Event: 20.254 Thread 0x000002ad1b0f1540 Uncommon trap: trap_request=0xffffffbe fr.pc=0x000002ad70bc8368 relative=0x00000000000001c8
Event: 20.254 Thread 0x000002ad1b0f1540 Uncommon trap: reason=profile_predicate action=maybe_recompile pc=0x000002ad70bc8368 method=java.util.LinkedHashMap.keysToArray([Ljava/lang/Object;)[Ljava/lang/Object; @ 12 c2
Event: 20.254 Thread 0x000002ad1b0f1540 DEOPT PACKING pc=0x000002ad70bc8368 sp=0x000000e244bf8d70
Event: 20.254 Thread 0x000002ad1b0f1540 DEOPT UNPACKING pc=0x000002ad703669a3 sp=0x000000e244bf8d28 mode 2
Event: 20.257 Thread 0x000002ad1b0f1540 Uncommon trap: trap_request=0xffffff45 fr.pc=0x000002ad70a4036c relative=0x00000000000000ec
Event: 20.257 Thread 0x000002ad1b0f1540 Uncommon trap: reason=unstable_if action=reinterpret pc=0x000002ad70a4036c method=org.objectweb.asm.ByteVector.putShort(I)Lorg/objectweb/asm/ByteVector; @ 13 c2
Event: 20.257 Thread 0x000002ad1b0f1540 DEOPT PACKING pc=0x000002ad70a4036c sp=0x000000e244bf8b40
Event: 20.257 Thread 0x000002ad1b0f1540 DEOPT UNPACKING pc=0x000002ad703669a3 sp=0x000000e244bf8ad8 mode 2
Event: 20.339 Thread 0x000002ad1b0f1540 Uncommon trap: trap_request=0xffffff45 fr.pc=0x000002ad70a82818 relative=0x0000000000001c18
Event: 20.339 Thread 0x000002ad1b0f1540 Uncommon trap: reason=unstable_if action=reinterpret pc=0x000002ad70a82818 method=java.util.concurrent.ConcurrentHashMap.computeIfAbsent(Ljava/lang/Object;Ljava/util/function/Function;)Ljava/lang/Object; @ 123 c2
Event: 20.339 Thread 0x000002ad1b0f1540 DEOPT PACKING pc=0x000002ad70a82818 sp=0x000000e244bf9df0
Event: 20.339 Thread 0x000002ad1b0f1540 DEOPT UNPACKING pc=0x000002ad703669a3 sp=0x000000e244bf9d70 mode 2
Event: 20.369 Thread 0x000002ad1b0f1540 Uncommon trap: trap_request=0xffffffbe fr.pc=0x000002ad70bc8368 relative=0x00000000000001c8
Event: 20.369 Thread 0x000002ad1b0f1540 Uncommon trap: reason=profile_predicate action=maybe_recompile pc=0x000002ad70bc8368 method=java.util.LinkedHashMap.keysToArray([Ljava/lang/Object;)[Ljava/lang/Object; @ 12 c2
Event: 20.369 Thread 0x000002ad1b0f1540 DEOPT PACKING pc=0x000002ad70bc8368 sp=0x000000e244bf4df0
Event: 20.369 Thread 0x000002ad1b0f1540 DEOPT UNPACKING pc=0x000002ad703669a3 sp=0x000000e244bf4da8 mode 2
Event: 20.374 Thread 0x000002ad1b0f1540 Uncommon trap: trap_request=0xffffffbe fr.pc=0x000002ad70bc8368 relative=0x00000000000001c8
Event: 20.374 Thread 0x000002ad1b0f1540 Uncommon trap: reason=profile_predicate action=maybe_recompile pc=0x000002ad70bc8368 method=java.util.LinkedHashMap.keysToArray([Ljava/lang/Object;)[Ljava/lang/Object; @ 12 c2
Event: 20.374 Thread 0x000002ad1b0f1540 DEOPT PACKING pc=0x000002ad70bc8368 sp=0x000000e244bf4df0
Event: 20.374 Thread 0x000002ad1b0f1540 DEOPT UNPACKING pc=0x000002ad703669a3 sp=0x000000e244bf4da8 mode 2

Classes loaded (20 events):
Event: 18.577 Loading class java/util/regex/Pattern$Caret
Event: 18.577 Loading class java/util/regex/Pattern$Caret done
Event: 18.652 Loading class jdk/internal/jimage/ImageReader$LinkNode
Event: 18.652 Loading class jdk/internal/jimage/ImageReader$LinkNode done
Event: 18.829 Loading class java/nio/file/FileTreeWalker$1
Event: 18.829 Loading class java/nio/file/FileTreeWalker$1 done
Event: 19.176 Loading class java/nio/file/Path$1
Event: 19.176 Loading class java/nio/file/Path$1 done
Event: 19.181 Loading class java/util/function/ToIntBiFunction
Event: 19.181 Loading class java/util/function/ToIntBiFunction done
Event: 19.596 Loading class java/util/EnumMap$Values
Event: 19.597 Loading class java/util/EnumMap$Values done
Event: 19.597 Loading class java/util/EnumMap$ValueIterator
Event: 19.597 Loading class java/util/EnumMap$EnumMapIterator
Event: 19.597 Loading class java/util/EnumMap$EnumMapIterator done
Event: 19.597 Loading class java/util/EnumMap$ValueIterator done
Event: 19.858 Loading class java/nio/file/AtomicMoveNotSupportedException
Event: 19.858 Loading class java/nio/file/AtomicMoveNotSupportedException done
Event: 20.185 Loading class java/util/function/LongUnaryOperator
Event: 20.185 Loading class java/util/function/LongUnaryOperator done

Classes unloaded (0 events):
No events

Classes redefined (0 events):
No events

Internal exceptions (20 events):
Event: 19.478 Thread 0x000002ad1b0f1540 Exception <a 'sun/nio/fs/WindowsException'{0x00000000ee6da030}> (0x00000000ee6da030) 
thrown [s\src\hotspot\share\prims\jni.cpp, line 531]
Event: 19.481 Thread 0x000002ad1b0f1540 Exception <a 'sun/nio/fs/WindowsException'{0x00000000ee6e1f90}> (0x00000000ee6e1f90) 
thrown [s\src\hotspot\share\prims\jni.cpp, line 531]
Event: 19.484 Thread 0x000002ad1b0f1540 Exception <a 'sun/nio/fs/WindowsException'{0x00000000ee6e9988}> (0x00000000ee6e9988) 
thrown [s\src\hotspot\share\prims\jni.cpp, line 531]
Event: 19.487 Thread 0x000002ad1b0f1540 Exception <a 'sun/nio/fs/WindowsException'{0x00000000ee6f1370}> (0x00000000ee6f1370) 
thrown [s\src\hotspot\share\prims\jni.cpp, line 531]
Event: 19.494 Thread 0x000002ad1b0f1540 Exception <a 'sun/nio/fs/WindowsException'{0x00000000ee6f8d38}> (0x00000000ee6f8d38) 
thrown [s\src\hotspot\share\prims\jni.cpp, line 531]
Event: 19.497 Thread 0x000002ad1b0f1540 Exception <a 'sun/nio/fs/WindowsException'{0x00000000ee5008e0}> (0x00000000ee5008e0) 
thrown [s\src\hotspot\share\prims\jni.cpp, line 531]
Event: 19.501 Thread 0x000002ad1b0f1540 Exception <a 'sun/nio/fs/WindowsException'{0x00000000ee5086b0}> (0x00000000ee5086b0) 
thrown [s\src\hotspot\share\prims\jni.cpp, line 531]
Event: 19.504 Thread 0x000002ad1b0f1540 Exception <a 'sun/nio/fs/WindowsException'{0x00000000ee510df0}> (0x00000000ee510df0) 
thrown [s\src\hotspot\share\prims\jni.cpp, line 531]
Event: 19.537 Thread 0x000002ad1b0f1540 Exception <a 'sun/nio/fs/WindowsException'{0x00000000ee51bf58}> (0x00000000ee51bf58) 
thrown [s\src\hotspot\share\prims\jni.cpp, line 531]
Event: 19.547 Thread 0x000002ad1b0f1540 Exception <a 'sun/nio/fs/WindowsException'{0x00000000ee523238}> (0x00000000ee523238) 
thrown [s\src\hotspot\share\prims\jni.cpp, line 531]
Event: 19.550 Thread 0x000002ad1b0f1540 Exception <a 'sun/nio/fs/WindowsException'{0x00000000ee529188}> (0x00000000ee529188) 
thrown [s\src\hotspot\share\prims\jni.cpp, line 531]
Event: 19.554 Thread 0x000002ad1b0f1540 Exception <a 'sun/nio/fs/WindowsException'{0x00000000ee52ec40}> (0x00000000ee52ec40) 
thrown [s\src\hotspot\share\prims\jni.cpp, line 531]
Event: 19.558 Thread 0x000002ad1b0f1540 Exception <a 'sun/nio/fs/WindowsException'{0x00000000ee534718}> (0x00000000ee534718) 
thrown [s\src\hotspot\share\prims\jni.cpp, line 531]
Event: 19.569 Thread 0x000002ad1b0f1540 Exception <a 'sun/nio/fs/WindowsException'{0x00000000ee53a1f0}> (0x00000000ee53a1f0) 
thrown [s\src\hotspot\share\prims\jni.cpp, line 531]
Event: 19.573 Thread 0x000002ad1b0f1540 Exception <a 'sun/nio/fs/WindowsException'{0x00000000ee53f4c8}> (0x00000000ee53f4c8) 
thrown [s\src\hotspot\share\prims\jni.cpp, line 531]
Event: 19.578 Thread 0x000002ad1b0f1540 Exception <a 'sun/nio/fs/WindowsException'{0x00000000ee546240}> (0x00000000ee546240) 
thrown [s\src\hotspot\share\prims\jni.cpp, line 531]
Event: 19.586 Thread 0x000002ad1b0f1540 Exception <a 'sun/nio/fs/WindowsException'{0x00000000ee54d1c0}> (0x00000000ee54d1c0) 
thrown [s\src\hotspot\share\prims\jni.cpp, line 531]
Event: 19.589 Thread 0x000002ad1b0f1540 Exception <a 'sun/nio/fs/WindowsException'{0x00000000ee5530b0}> (0x00000000ee5530b0) 
thrown [s\src\hotspot\share\prims\jni.cpp, line 531]
Event: 19.594 Thread 0x000002ad1b0f1540 Exception <a 'sun/nio/fs/WindowsException'{0x00000000ee564078}> (0x00000000ee564078) 
thrown [s\src\hotspot\share\prims\jni.cpp, line 531]
Event: 20.186 Thread 0x000002ad1b0f1540 Exception <a 'java/lang/NoSuchMethodError'{0x00000000ef13a6b0}: 'long java.lang.invoke.DirectMethodHandle$Holder.invokeStatic(java.lang.Object, long)'> (0x00000000ef13a6b0) 
thrown [s\src\hotspot\share\interpreter\linkResolver.cpp, line 771]

VM Operations (20 events):
Event: 19.062 Executing VM operation: HandshakeAllThreads
Event: 19.062 Executing VM operation: HandshakeAllThreads done
Event: 19.103 Executing VM operation: HandshakeAllThreads
Event: 19.103 Executing VM operation: HandshakeAllThreads done
Event: 19.127 Executing VM operation: ICBufferFull
Event: 19.127 Executing VM operation: ICBufferFull done
Event: 19.336 Executing VM operation: ICBufferFull
Event: 19.336 Executing VM operation: ICBufferFull done
Event: 19.397 Executing VM operation: HandshakeAllThreads
Event: 19.398 Executing VM operation: HandshakeAllThreads done
Event: 19.611 Executing VM operation: ICBufferFull
Event: 19.611 Executing VM operation: ICBufferFull done
Event: 19.843 Executing VM operation: CollectForMetadataAllocation
Event: 19.852 Executing VM operation: CollectForMetadataAllocation done
Event: 19.902 Executing VM operation: CollectForMetadataAllocation
Event: 19.902 Executing VM operation: CollectForMetadataAllocation done
Event: 19.918 Executing VM operation: G1PauseRemark
Event: 19.923 Executing VM operation: G1PauseRemark done
Event: 19.947 Executing VM operation: G1PauseCleanup
Event: 19.947 Executing VM operation: G1PauseCleanup done

Memory protections (0 events):
No events

Nmethod flushes (20 events):
Event: 15.505 Thread 0x000002ad7b61e8f0 flushing  nmethod 0x000002ad694dcc90
Event: 15.505 Thread 0x000002ad7b61e8f0 flushing  nmethod 0x000002ad694e0610
Event: 15.505 Thread 0x000002ad7b61e8f0 flushing  nmethod 0x000002ad694e4810
Event: 15.505 Thread 0x000002ad7b61e8f0 flushing  nmethod 0x000002ad69509010
Event: 15.505 Thread 0x000002ad7b61e8f0 flushing  nmethod 0x000002ad69509410
Event: 15.505 Thread 0x000002ad7b61e8f0 flushing  nmethod 0x000002ad69515710
Event: 15.505 Thread 0x000002ad7b61e8f0 flushing  nmethod 0x000002ad69516b90
Event: 15.505 Thread 0x000002ad7b61e8f0 flushing  nmethod 0x000002ad69517610
Event: 15.505 Thread 0x000002ad7b61e8f0 flushing  nmethod 0x000002ad69517e10
Event: 15.505 Thread 0x000002ad7b61e8f0 flushing  nmethod 0x000002ad69518390
Event: 15.505 Thread 0x000002ad7b61e8f0 flushing  nmethod 0x000002ad6951c810
Event: 15.506 Thread 0x000002ad7b61e8f0 flushing  nmethod 0x000002ad69522890
Event: 15.506 Thread 0x000002ad7b61e8f0 flushing  nmethod 0x000002ad6952fc10
Event: 15.506 Thread 0x000002ad7b61e8f0 flushing  nmethod 0x000002ad69538b10
Event: 15.506 Thread 0x000002ad7b61e8f0 flushing  nmethod 0x000002ad69540a10
Event: 15.506 Thread 0x000002ad7b61e8f0 flushing  nmethod 0x000002ad69557210
Event: 15.506 Thread 0x000002ad7b61e8f0 flushing  nmethod 0x000002ad6956a290
Event: 15.506 Thread 0x000002ad7b61e8f0 flushing  nmethod 0x000002ad6963cc10
Event: 15.507 Thread 0x000002ad7b61e8f0 flushing  nmethod 0x000002ad6968d390
Event: 15.507 Thread 0x000002ad7b61e8f0 flushing  nmethod 0x000002ad69710790

Events (20 events):
Event: 11.419 Thread 0x000002ad1aa4e030 Thread exited: 0x000002ad1aa4e030
Event: 11.450 Thread 0x000002ad7b5b9a30 Thread added: 0x000002ad1c6e4020
Event: 12.212 Thread 0x000002ad1b0f1540 Thread added: 0x000002ad1bc58870
Event: 12.954 Thread 0x000002ad1c6e4020 Thread exited: 0x000002ad1c6e4020
Event: 13.184 Thread 0x000002ad1b0f1540 Thread added: 0x000002ad1bc57e50
Event: 13.593 Thread 0x000002ad1b0f1540 Thread added: 0x000002ad1bc59290
Event: 14.733 Thread 0x000002ad7b5ba3f0 Thread added: 0x000002ad195f7720
Event: 14.915 Thread 0x000002ad195f7720 Thread exited: 0x000002ad195f7720
Event: 15.606 Thread 0x000002ad7b5ba3f0 Thread added: 0x000002ad194851e0
Event: 15.934 Thread 0x000002ad194851e0 Thread exited: 0x000002ad194851e0
Event: 16.217 Thread 0x000002ad7b5ba3f0 Thread added: 0x000002ad194851e0
Event: 16.457 Thread 0x000002ad194851e0 Thread exited: 0x000002ad194851e0
Event: 16.605 Thread 0x000002ad1b0f1540 Thread added: 0x000002ad1bc57430
Event: 16.605 Thread 0x000002ad1b0f1540 Thread added: 0x000002ad1bc53770
Event: 16.860 Thread 0x000002ad7b5ba3f0 Thread added: 0x000002ad194851e0
Event: 17.110 Thread 0x000002ad1b0f1540 Thread added: 0x000002ad1bc58360
Event: 18.316 Thread 0x000002ad194851e0 Thread exited: 0x000002ad194851e0
Event: 18.609 Thread 0x000002ad7b5b9a30 Thread added: 0x000002ad194851e0
Event: 19.770 Thread 0x000002ad194851e0 Thread exited: 0x000002ad194851e0
Event: 20.018 Thread 0x000002ad7b5ba3f0 Thread added: 0x000002ad1cfb6840


Dynamic libraries:
0x00007ff6cc4b0000 - 0x00007ff6cc4ba000 	C:\Users\Juan Guerrero\.jdks\jbr-17.0.14\bin\java.exe
0x00007ff9c6ef0000 - 0x00007ff9c70e8000 	C:\Windows\SYSTEM32\ntdll.dll
0x00007ff9c5ff0000 - 0x00007ff9c60b2000 	C:\Windows\System32\KERNEL32.DLL
0x00007ff9c48c0000 - 0x00007ff9c4bb6000 	C:\Windows\System32\KERNELBASE.dll
0x00007ff9c47c0000 - 0x00007ff9c48c0000 	C:\Windows\System32\ucrtbase.dll
0x00007ff9b2530000 - 0x00007ff9b2547000 	C:\Users\Juan Guerrero\.jdks\jbr-17.0.14\bin\jli.dll
0x00007ff9c6be0000 - 0x00007ff9c6d7d000 	C:\Windows\System32\USER32.dll
0x00007ff9c4740000 - 0x00007ff9c4762000 	C:\Windows\System32\win32u.dll
0x00007ff9c4fb0000 - 0x00007ff9c4fdb000 	C:\Windows\System32\GDI32.dll
0x00007ff9c4620000 - 0x00007ff9c473a000 	C:\Windows\System32\gdi32full.dll
0x00007ff9c4c70000 - 0x00007ff9c4d0d000 	C:\Windows\System32\msvcp_win.dll
0x00007ff9b1e30000 - 0x00007ff9b1e4b000 	C:\Users\Juan Guerrero\.jdks\jbr-17.0.14\bin\VCRUNTIME140.dll
0x00007ff9b3920000 - 0x00007ff9b3bba000 	C:\Windows\WinSxS\amd64_microsoft.windows.common-controls_6595b64144ccf1df_6.0.19041.4355_none_60b8b9eb71f62e16\COMCTL32.dll
0x00007ff9c5780000 - 0x00007ff9c581e000 	C:\Windows\System32\msvcrt.dll
0x00007ff9c6a30000 - 0x00007ff9c6a5f000 	C:\Windows\System32\IMM32.DLL
0x00007ff9bc750000 - 0x00007ff9bc75c000 	C:\Users\Juan Guerrero\.jdks\jbr-17.0.14\bin\vcruntime140_1.dll
0x00007ff999f70000 - 0x00007ff999ffd000 	C:\Users\Juan Guerrero\.jdks\jbr-17.0.14\bin\msvcp140.dll
0x00007ff98cf80000 - 0x00007ff98dc0e000 	C:\Users\Juan Guerrero\.jdks\jbr-17.0.14\bin\server\jvm.dll
0x00007ff9c6b20000 - 0x00007ff9c6bd1000 	C:\Windows\System32\ADVAPI32.dll
0x00007ff9c56e0000 - 0x00007ff9c577f000 	C:\Windows\System32\sechost.dll
0x00007ff9c6d80000 - 0x00007ff9c6ea3000 	C:\Windows\System32\RPCRT4.dll
0x00007ff9c4c40000 - 0x00007ff9c4c67000 	C:\Windows\System32\bcrypt.dll
0x00007ff9c5880000 - 0x00007ff9c58eb000 	C:\Windows\System32\WS2_32.dll
0x00007ff9c43d0000 - 0x00007ff9c441b000 	C:\Windows\SYSTEM32\POWRPROF.dll
0x00007ff9a2750000 - 0x00007ff9a2777000 	C:\Windows\SYSTEM32\WINMM.dll
0x00007ff9bf550000 - 0x00007ff9bf55a000 	C:\Windows\SYSTEM32\VERSION.dll
0x00007ff9c43b0000 - 0x00007ff9c43c2000 	C:\Windows\SYSTEM32\UMPDC.dll
0x00007ff9c23b0000 - 0x00007ff9c23c2000 	C:\Windows\SYSTEM32\kernel.appcore.dll
0x00007ff9b6510000 - 0x00007ff9b651a000 	C:\Users\Juan Guerrero\.jdks\jbr-17.0.14\bin\jimage.dll
0x00007ff9a3d50000 - 0x00007ff9a3f34000 	C:\Windows\SYSTEM32\DBGHELP.DLL
0x00007ff9a3d10000 - 0x00007ff9a3d44000 	C:\Windows\SYSTEM32\dbgcore.DLL
0x00007ff9c4d10000 - 0x00007ff9c4d92000 	C:\Windows\System32\bcryptPrimitives.dll
0x00007ff9b2810000 - 0x00007ff9b281e000 	C:\Users\Juan Guerrero\.jdks\jbr-17.0.14\bin\instrument.dll
0x00007ff9aff70000 - 0x00007ff9aff95000 	C:\Users\Juan Guerrero\.jdks\jbr-17.0.14\bin\java.dll
0x00007ff994260000 - 0x00007ff994337000 	C:\Users\Juan Guerrero\.jdks\jbr-17.0.14\bin\jsvml.dll
0x00007ff9c61a0000 - 0x00007ff9c690f000 	C:\Windows\System32\SHELL32.dll
0x00007ff9c25b0000 - 0x00007ff9c2d53000 	C:\Windows\SYSTEM32\windows.storage.dll
0x00007ff9c5aa0000 - 0x00007ff9c5df5000 	C:\Windows\System32\combase.dll
0x00007ff9c3ed0000 - 0x00007ff9c3efb000 	C:\Windows\SYSTEM32\Wldp.dll
0x00007ff9c60d0000 - 0x00007ff9c619d000 	C:\Windows\System32\OLEAUT32.dll
0x00007ff9c6a70000 - 0x00007ff9c6b1d000 	C:\Windows\System32\SHCORE.dll
0x00007ff9c5e00000 - 0x00007ff9c5e55000 	C:\Windows\System32\shlwapi.dll
0x00007ff9c44a0000 - 0x00007ff9c44c5000 	C:\Windows\SYSTEM32\profapi.dll
0x00007ff9a5100000 - 0x00007ff9a5118000 	C:\Users\Juan Guerrero\.jdks\jbr-17.0.14\bin\zip.dll
0x00007ff9a4d60000 - 0x00007ff9a4d79000 	C:\Users\Juan Guerrero\.jdks\jbr-17.0.14\bin\net.dll
0x00007ff9bd040000 - 0x00007ff9bd14a000 	C:\Windows\SYSTEM32\WINHTTP.dll
0x00007ff9c3c30000 - 0x00007ff9c3c9c000 	C:\Windows\system32\mswsock.dll
0x00007ff99fcf0000 - 0x00007ff99fd06000 	C:\Users\Juan Guerrero\.jdks\jbr-17.0.14\bin\nio.dll
0x00007ff9b2640000 - 0x00007ff9b2650000 	C:\Users\Juan Guerrero\.jdks\jbr-17.0.14\bin\verify.dll
0x00007ff9bc590000 - 0x00007ff9bc5b7000 	C:\Users\Juan Guerrero\.gradle\native\c067742578af261105cb4f569cf0c3c89f3d7b1fecec35dd04571415982c5e48\windows-amd64\native-platform.dll
0x00007ff9931c0000 - 0x00007ff993304000 	C:\Users\Juan Guerrero\.gradle\native\38dada09dfb8b06ba9b0570ebf7e218e3eb74d4ef43ca46872605cf95ebc2f47\windows-amd64\native-platform-file-events.dll
0x00007ff9b2090000 - 0x00007ff9b2099000 	C:\Users\Juan Guerrero\.jdks\jbr-17.0.14\bin\management.dll
0x00007ff9b1e20000 - 0x00007ff9b1e2b000 	C:\Users\Juan Guerrero\.jdks\jbr-17.0.14\bin\management_ext.dll
0x00007ff9c6a60000 - 0x00007ff9c6a68000 	C:\Windows\System32\PSAPI.DLL
0x00007ff9c3e30000 - 0x00007ff9c3e48000 	C:\Windows\SYSTEM32\CRYPTSP.dll
0x00007ff9c3510000 - 0x00007ff9c3548000 	C:\Windows\system32\rsaenh.dll
0x00007ff9c4460000 - 0x00007ff9c448e000 	C:\Windows\SYSTEM32\USERENV.dll
0x00007ff9c3e20000 - 0x00007ff9c3e2c000 	C:\Windows\SYSTEM32\CRYPTBASE.dll
0x00007ff9c38f0000 - 0x00007ff9c392b000 	C:\Windows\SYSTEM32\IPHLPAPI.DLL
0x00007ff9c60c0000 - 0x00007ff9c60c8000 	C:\Windows\System32\NSI.dll
0x00007ff9bf1c0000 - 0x00007ff9bf1d7000 	C:\Windows\SYSTEM32\dhcpcsvc6.DLL
0x00007ff9bf1a0000 - 0x00007ff9bf1bd000 	C:\Windows\SYSTEM32\dhcpcsvc.DLL
0x00007ff9c3930000 - 0x00007ff9c39fa000 	C:\Windows\SYSTEM32\DNSAPI.dll
0x00007ff9b1ba0000 - 0x00007ff9b1ba9000 	C:\Users\Juan Guerrero\.jdks\jbr-17.0.14\bin\extnet.dll
0x00007ff9aff60000 - 0x00007ff9aff6e000 	C:\Users\Juan Guerrero\.jdks\jbr-17.0.14\bin\sunmscapi.dll
0x00007ff9c4da0000 - 0x00007ff9c4efc000 	C:\Windows\System32\CRYPT32.dll
0x00007ff9c3f40000 - 0x00007ff9c3f67000 	C:\Windows\SYSTEM32\ncrypt.dll
0x00007ff9c3f00000 - 0x00007ff9c3f3b000 	C:\Windows\SYSTEM32\NTASN1.dll
0x00007ff9a4930000 - 0x00007ff9a4937000 	C:\Windows\system32\wshunix.dll
0x00007ff9b3c40000 - 0x00007ff9b3c4a000 	C:\Windows\System32\rasadhlp.dll
0x00007ff9b6070000 - 0x00007ff9b60f0000 	C:\Windows\System32\fwpuclnt.dll

dbghelp: loaded successfully - version: 4.0.5 - missing functions: none
symbol engine: initialized successfully - sym options: 0x614 - pdb path: .;C:\Users\Juan Guerrero\.jdks\jbr-17.0.14\bin;C:\Windows\SYSTEM32;C:\Windows\WinSxS\amd64_microsoft.windows.common-controls_6595b64144ccf1df_6.0.19041.4355_none_60b8b9eb71f62e16;C:\Users\Juan Guerrero\.jdks\jbr-17.0.14\bin\server;C:\Users\Juan Guerrero\.gradle\native\c067742578af261105cb4f569cf0c3c89f3d7b1fecec35dd04571415982c5e48\windows-amd64;C:\Users\Juan Guerrero\.gradle\native\38dada09dfb8b06ba9b0570ebf7e218e3eb74d4ef43ca46872605cf95ebc2f47\windows-amd64

VM Arguments:
jvm_args: --add-opens=java.base/java.util=ALL-UNNAMED --add-opens=java.base/java.lang=ALL-UNNAMED --add-opens=java.base/java.lang.invoke=ALL-UNNAMED --add-opens=java.prefs/java.util.prefs=ALL-UNNAMED --add-opens=java.base/java.nio.charset=ALL-UNNAMED --add-opens=java.base/java.net=ALL-UNNAMED --add-opens=java.base/java.util.concurrent.atomic=ALL-UNNAMED -XX:MaxMetaspaceSize=384m -XX:+HeapDumpOnOutOfMemoryError -Xms256m -Xmx512m -Dfile.encoding=UTF-8 -Duser.country=AR -Duser.language=es -Duser.variant -javaagent:C:\Users\Juan Guerrero\.gradle\wrapper\dists\gradle-8.4-bin\1w5dpkrfk8irigvoxmyhowfim\gradle-8.4\lib\agents\gradle-instrumentation-agent-8.4.jar 
java_command: org.gradle.launcher.daemon.bootstrap.GradleDaemon 8.4
java_class_path (initial): C:\Users\Juan Guerrero\.gradle\wrapper\dists\gradle-8.4-bin\1w5dpkrfk8irigvoxmyhowfim\gradle-8.4\lib\gradle-launcher-8.4.jar
Launcher Type: SUN_STANDARD

[Global flags]
     intx CICompilerCount                          = 3                                         {product} {ergonomic}
   size_t CompressedClassSpaceSize                 = 335544320                                 {product} {ergonomic}
     uint ConcGCThreads                            = 1                                         {product} {ergonomic}
     uint G1ConcRefinementThreads                  = 4                                         {product} {ergonomic}
   size_t G1HeapRegionSize                         = 1048576                                   {product} {ergonomic}
    uintx GCDrainStackTargetSize                   = 64                                        {product} {ergonomic}
     bool HeapDumpOnOutOfMemoryError               = true                                   {manageable} {command line}
   size_t InitialHeapSize                          = 268435456                                 {product} {command line}
   size_t MarkStackSize                            = 4194304                                   {product} {ergonomic}
   size_t MaxHeapSize                              = 536870912                                 {product} {command line}
   size_t MaxMetaspaceSize                         = 402653184                                 {product} {command line}
   size_t MaxNewSize                               = 321912832                                 {product} {ergonomic}
   size_t MinHeapDeltaBytes                        = 1048576                                   {product} {ergonomic}
   size_t MinHeapSize                              = 268435456                                 {product} {command line}
    uintx NonNMethodCodeHeapSize                   = 5832780                                {pd product} {ergonomic}
    uintx NonProfiledCodeHeapSize                  = 122912730                              {pd product} {ergonomic}
    uintx ProfiledCodeHeapSize                     = 122912730                              {pd product} {ergonomic}
    uintx ReservedCodeCacheSize                    = 251658240                              {pd product} {ergonomic}
     bool SegmentedCodeCache                       = true                                      {product} {ergonomic}
   size_t SoftMaxHeapSize                          = 536870912                              {manageable} {ergonomic}
     bool UseCompressedClassPointers               = true                           {product lp64_product} {ergonomic}
     bool UseCompressedOops                        = true                           {product lp64_product} {ergonomic}
     bool UseG1GC                                  = true                                      {product} {ergonomic}
     bool UseLargePagesIndividualAllocation        = false                                  {pd product} {ergonomic}

Logging:
Log output configuration:
 #0: stdout all=warning uptime,level,tags
 #1: stderr all=off uptime,level,tags

Environment Variables:
PATH=C:\Windows\system32;C:\Windows;C:\Windows\System32\Wbem;C:\Windows\System32\WindowsPowerShell\v1.0\;C:\Windows\System32\OpenSSH\;C:\Program Files\Microsoft SQL Server\150\Tools\Binn\;C:\Program Files\Microsoft SQL Server\Client SDK\ODBC\170\Tools\Binn\;C:\Program Files\dotnet\;C:\Program Files\Git\cmd;C:\Program Files (x86)\Microsoft SQL Server\160\Tools\Binn\;C:\Program Files\Microsoft SQL Server\160\Tools\Binn\;C:\Program Files\Microsoft SQL Server\160\DTS\Binn\;C:\Program Files (x86)\Microsoft SQL Server\160\DTS\Binn\;C:\Program Files\Docker\Docker\resources\bin;C:\Users\Juan Guerrero\AppData\Local\Microsoft\WindowsApps;;C:\Program Files\JetBrains\IntelliJ IDEA Community Edition 2024.3.5\bin;;C:\Users\Juan Guerrero\.dotnet\tools;C:\Program Files (x86)\MongoDB Atlas CLI\
USERNAME=Juan Guerrero
OS=Windows_NT
PROCESSOR_IDENTIFIER=Intel64 Family 6 Model 142 Stepping 9, GenuineIntel
TMP=C:\Users\JUANGU~1\AppData\Local\Temp
TEMP=C:\Users\JUANGU~1\AppData\Local\Temp



Periodic native trim disabled

JNI global refs:
JNI global refs: 25, weak refs: 5

JNI global refs memory usage: 843, weak refs: 841

Process memory usage:
Resident Set Size: 451948K (2% of 16646820K total physical memory with 7037540K free physical memory)

OOME stack traces (most recent first):
Classloader memory used:
Loader org.gradle.internal.classloader.VisitableURLClassLoader                         : 3866K
Loader bootstrap                                                                       : 1886K
Loader org.gradle.initialization.MixInLegacyTypesClassLoader                           : 1180K
Loader jdk.internal.loader.ClassLoaders$AppClassLoader                                 : 1025K
Loader jdk.internal.loader.ClassLoaders$PlatformClassLoader                            : 127K
Loader jdk.internal.reflect.DelegatingClassLoader                                      : 9914B
Loader org.gradle.internal.classloader.VisitableURLClassLoader                         : 9063B
Loader org.gradle.groovy.scripts.internal.DefaultScriptCompilationHandler$ScriptClassLoader: 8785B
Loader org.gradle.internal.classloader.VisitableURLClassLoader$InstrumentingVisitableURLClassLoader: 6166B
Loader org.codehaus.groovy.runtime.callsite.CallSiteClassLoader                        : 1232B

Classes loaded by more than one classloader:
Class org.gradle.internal.installation.GradleInstallation                             : loaded 2 times (x 73B)
Class org.gradle.internal.classpath.ClassPath                                         : loaded 2 times (x 68B)
Class org.gradle.api.internal.classpath.DefaultModuleRegistry                         : loaded 2 times (x 84B)
Class org.gradle.api.Action                                                           : loaded 2 times (x 68B)
Class org.gradle.api.internal.DefaultClassPathProvider                                : loaded 2 times (x 74B)
Class org.gradle.internal.installation.GradleInstallation$1                           : loaded 2 times (x 73B)
Class ijresolvers1_2ie2pqmvlav7xk57qhx1pm2p8$_run_closure1                            : loaded 2 times (x 137B)
Class org.gradle.internal.classloader.FilteringClassLoader                            : loaded 2 times (x 103B)
Class org.gradle.internal.classpath.DefaultClassPath$ImmutableUniqueList$Builder      : loaded 2 times (x 73B)
Class org.gradle.internal.classloader.ClassLoaderVisitor                              : loaded 2 times (x 74B)
Class org.gradle.internal.service.DefaultServiceLocator                               : loaded 2 times (x 81B)
Class org.gradle.internal.service.UnknownServiceException                             : loaded 2 times (x 81B)
Class org.gradle.internal.classloader.DefaultClassLoaderFactory                       : loaded 2 times (x 80B)
Class org.gradle.internal.classloader.VisitableURLClassLoader$Spec                    : loaded 2 times (x 72B)
Class org.gradle.api.GradleException                                                  : loaded 2 times (x 80B)
Class org.gradle.api.internal.classpath.ModuleRegistry                                : loaded 2 times (x 68B)
Class org.gradle.api.internal.ClassPathProvider                                       : loaded 2 times (x 68B)
Class org.gradle.internal.classloader.ClasspathUtil$1                                 : loaded 2 times (x 74B)
Class ijresolvers1_2ie2pqmvlav7xk57qhx1pm2p8                                          : loaded 2 times (x 180B)
Class org.gradle.internal.classloader.ClassLoaderFactory                              : loaded 2 times (x 68B)
Class org.gradle.api.internal.classpath.ManifestUtil                                  : loaded 2 times (x 69B)
Class org.gradle.api.specs.Spec                                                       : loaded 2 times (x 68B)
Class org.gradle.internal.IoActions                                                   : loaded 2 times (x 69B)
Class org.gradle.api.internal.classpath.EffectiveClassPath                            : loaded 2 times (x 88B)
Class org.gradle.internal.installation.CurrentGradleInstallation                      : loaded 2 times (x 71B)
Class org.gradle.internal.agents.InstrumentingClassLoader                             : loaded 2 times (x 68B)
Class org.gradle.internal.installation.CurrentGradleInstallationLocator               : loaded 2 times (x 69B)
Class org.gradle.api.internal.classpath.Module                                        : loaded 2 times (x 68B)
Class org.gradle.internal.service.CachingServiceLocator                               : loaded 2 times (x 80B)
Class org.gradle.internal.classpath.DefaultClassPath                                  : loaded 2 times (x 88B)
Class org.gradle.internal.classloader.SystemClassLoaderSpec                           : loaded 2 times (x 69B)
Class org.gradle.api.UncheckedIOException                                             : loaded 2 times (x 80B)
Class Program                                                                         : loaded 2 times (x 70B)
Class org.gradle.internal.classloader.ClasspathUtil                                   : loaded 2 times (x 69B)
Class org.gradle.api.internal.DefaultClassPathRegistry                                : loaded 2 times (x 74B)
Class org.gradle.api.internal.classpath.DefaultModuleRegistry$DefaultModule           : loaded 2 times (x 84B)
Class org.gradle.api.internal.classpath.UnknownModuleException                        : loaded 2 times (x 80B)
Class org.gradle.internal.service.ServiceLookupException                              : loaded 2 times (x 80B)
Class org.gradle.cache.GlobalCache                                                    : loaded 2 times (x 68B)
Class [Lorg.gradle.api.internal.ClassPathProvider;                                    : loaded 2 times (x 67B)
Class org.gradle.util.internal.GUtil                                                  : loaded 2 times (x 69B)
Class org.gradle.internal.classloader.ClassLoaderSpec                                 : loaded 2 times (x 69B)
Class org.gradle.internal.classloader.VisitableURLClassLoader                         : loaded 2 times (x 115B)
Class org.gradle.internal.Cast                                                        : loaded 2 times (x 69B)
Class org.gradle.api.internal.ClassPathRegistry                                       : loaded 2 times (x 68B)
Class org.gradle.internal.classloader.VisitableURLClassLoader$InstrumentingVisitableURLClassLoader: loaded 2 times (x 121B)
Class org.gradle.internal.classloader.ClassLoaderHierarchy                            : loaded 2 times (x 68B)
Class org.gradle.internal.InternalTransformer                                         : loaded 2 times (x 68B)
Class org.gradle.internal.service.ServiceLocator                                      : loaded 2 times (x 68B)
Class org.gradle.internal.classpath.DefaultClassPath$ImmutableUniqueList              : loaded 2 times (x 159B)
Class org.gradle.internal.classpath.TransformedClassPath                              : loaded 2 times (x 94B)


---------------  S Y S T E M  ---------------

OS:
 Windows 10 , 64 bit Build 19041 (10.0.19041.5678)
OS uptime: 2 days 21:32 hours
Hyper-V role detected

CPU: total 4 (initial active 4) (2 cores per cpu, 2 threads per core) family 6 model 142 stepping 9 microcode 0xb4, cx8, cmov, fxsr, ht, mmx, 3dnowpref, sse, sse2, sse3, ssse3, sse4.1, sse4.2, popcnt, lzcnt, tsc, tscinvbit, avx, avx2, aes, erms, clmul, bmi1, bmi2, adx, fma, vzeroupper, clflush, clflushopt, hv
Processor Information for all 4 processors :
  Max Mhz: 2712, Current Mhz: 2511, Mhz Limit: 2495

Memory: 4k page, system-wide physical 16256M (6871M free)
TotalPageFile size 19200M (AvailPageFile size 8089M)
current process WorkingSet (physical memory assigned to process): 441M, peak: 441M
current process commit charge ("private bytes"): 534M, peak: 534M

vm_info: OpenJDK 64-Bit Server VM (17.0.14+1-b1367.22) for windows-amd64 JRE (17.0.14+1-b1367.22), built on 2025-01-30 by "builduser" with MS VC++ 16.10 / 16.11 (VS2019)

END.
